CRITICAL - 2022-10-13 20:41:50 --> Invalid file: welcome _message.php
in SYSTEMPATH\Exceptions\FrameworkException.php on line 33.
 1 SYSTEMPATH\View\View.php(201): CodeIgniter\Exceptions\FrameworkException::forInvalidFile('welcome _message.php')
 2 SYSTEMPATH\Common.php(1142): CodeIgniter\View\View->render('welcome _message', [], true)
 3 APPPATH\Controllers\Pages.php(8): view('welcome _message')
 4 SYSTEMPATH\CodeIgniter.php(902): App\Controllers\Pages->index()
 5 SYSTEMPATH\CodeIgniter.php(457): CodeIgniter\CodeIgniter->runController(Object(App\Controllers\Pages))
 6 SYSTEMPATH\CodeIgniter.php(340): CodeIgniter\CodeIgniter->handleRequest(null, Object(Config\Cache), false)
 7 FCPATH\index.php(67): CodeIgniter\CodeIgniter->run()
 8 SYSTEMPATH\Commands\Server\rewrite.php(46): require_once('FCPATH\\index.php')
CRITICAL - 2022-10-13 20:47:16 --> Invalid file: welcome _message.php
in SYSTEMPATH\Exceptions\FrameworkException.php on line 33.
 1 SYSTEMPATH\View\View.php(201): CodeIgniter\Exceptions\FrameworkException::forInvalidFile('welcome _message.php')
 2 SYSTEMPATH\Common.php(1142): CodeIgniter\View\View->render('welcome _message', [], true)
 3 APPPATH\Controllers\Pages.php(8): view('welcome _message')
 4 SYSTEMPATH\CodeIgniter.php(902): App\Controllers\Pages->index()
 5 SYSTEMPATH\CodeIgniter.php(457): CodeIgniter\CodeIgniter->runController(Object(App\Controllers\Pages))
 6 SYSTEMPATH\CodeIgniter.php(340): CodeIgniter\CodeIgniter->handleRequest(null, Object(Config\Cache), false)
 7 FCPATH\index.php(67): CodeIgniter\CodeIgniter->run()
 8 SYSTEMPATH\Commands\Server\rewrite.php(46): require_once('FCPATH\\index.php')
CRITICAL - 2022-10-13 21:01:27 --> Invalid file: welcome _message.php
in SYSTEMPATH\Exceptions\FrameworkException.php on line 33.
 1 SYSTEMPATH\View\View.php(201): CodeIgniter\Exceptions\FrameworkException::forInvalidFile('welcome _message.php')
 2 SYSTEMPATH\Common.php(1142): CodeIgniter\View\View->render('welcome _message', [], true)
 3 APPPATH\Controllers\Pages.php(8): view('welcome _message')
 4 SYSTEMPATH\CodeIgniter.php(902): App\Controllers\Pages->index()
 5 SYSTEMPATH\CodeIgniter.php(457): CodeIgniter\CodeIgniter->runController(Object(App\Controllers\Pages))
 6 SYSTEMPATH\CodeIgniter.php(340): CodeIgniter\CodeIgniter->handleRequest(null, Object(Config\Cache), false)
 7 FCPATH\index.php(67): CodeIgniter\CodeIgniter->run()
 8 SYSTEMPATH\Commands\Server\rewrite.php(46): require_once('FCPATH\\index.php')
CRITICAL - 2022-10-13 21:02:02 --> Invalid file: welcome _message.php
in SYSTEMPATH\Exceptions\FrameworkException.php on line 33.
 1 SYSTEMPATH\View\View.php(201): CodeIgniter\Exceptions\FrameworkException::forInvalidFile('welcome _message.php')
 2 SYSTEMPATH\Common.php(1142): CodeIgniter\View\View->render('welcome _message', [], true)
 3 APPPATH\Controllers\Pages.php(8): view('welcome _message')
 4 SYSTEMPATH\CodeIgniter.php(902): App\Controllers\Pages->index()
 5 SYSTEMPATH\CodeIgniter.php(457): CodeIgniter\CodeIgniter->runController(Object(App\Controllers\Pages))
 6 SYSTEMPATH\CodeIgniter.php(340): CodeIgniter\CodeIgniter->handleRequest(null, Object(Config\Cache), false)
 7 FCPATH\index.php(67): CodeIgniter\CodeIgniter->run()
 8 SYSTEMPATH\Commands\Server\rewrite.php(46): require_once('FCPATH\\index.php')
CRITICAL - 2022-10-13 21:17:55 --> Invalid file: welcome _message.php
in SYSTEMPATH\Exceptions\FrameworkException.php on line 33.
 1 SYSTEMPATH\View\View.php(201): CodeIgniter\Exceptions\FrameworkException::forInvalidFile('welcome _message.php')
 2 SYSTEMPATH\Common.php(1142): CodeIgniter\View\View->render('welcome _message', [], true)
 3 APPPATH\Controllers\Pages.php(8): view('welcome _message')
 4 SYSTEMPATH\CodeIgniter.php(902): App\Controllers\Pages->index()
 5 SYSTEMPATH\CodeIgniter.php(457): CodeIgniter\CodeIgniter->runController(Object(App\Controllers\Pages))
 6 SYSTEMPATH\CodeIgniter.php(340): CodeIgniter\CodeIgniter->handleRequest(null, Object(Config\Cache), false)
 7 FCPATH\index.php(67): CodeIgniter\CodeIgniter->run()
 8 SYSTEMPATH\Commands\Server\rewrite.php(46): require_once('FCPATH\\index.php')
CRITICAL - 2022-10-13 21:20:06 --> Invalid file: welcome _message.php
in SYSTEMPATH\Exceptions\FrameworkException.php on line 33.
 1 SYSTEMPATH\View\View.php(201): CodeIgniter\Exceptions\FrameworkException::forInvalidFile('welcome _message.php')
 2 SYSTEMPATH\Common.php(1142): CodeIgniter\View\View->render('welcome _message', [], true)
 3 APPPATH\Controllers\Pages.php(8): view('welcome _message')
 4 SYSTEMPATH\CodeIgniter.php(902): App\Controllers\Pages->index()
 5 SYSTEMPATH\CodeIgniter.php(457): CodeIgniter\CodeIgniter->runController(Object(App\Controllers\Pages))
 6 SYSTEMPATH\CodeIgniter.php(340): CodeIgniter\CodeIgniter->handleRequest(null, Object(Config\Cache), false)
 7 FCPATH\index.php(67): CodeIgniter\CodeIgniter->run()
 8 SYSTEMPATH\Commands\Server\rewrite.php(46): require_once('FCPATH\\index.php')
CRITICAL - 2022-10-13 21:26:07 --> Too few arguments to function App\Controllers\Pages::view(), 0 passed in C:\wamp64\www\AVM-Sistemas-Desafio-1\vendor\codeigniter4\framework\system\CodeIgniter.php on line 902 and exactly 1 expected
in APPPATH\Controllers\Pages.php on line 11.
 1 SYSTEMPATH\CodeIgniter.php(902): App\Controllers\Pages->view()
 2 SYSTEMPATH\CodeIgniter.php(457): CodeIgniter\CodeIgniter->runController(Object(App\Controllers\Pages))
 3 SYSTEMPATH\CodeIgniter.php(340): CodeIgniter\CodeIgniter->handleRequest(null, Object(Config\Cache), false)
 4 FCPATH\index.php(67): CodeIgniter\CodeIgniter->run()
 5 SYSTEMPATH\Commands\Server\rewrite.php(46): require_once('FCPATH\\index.php')
CRITICAL - 2022-10-13 21:51:54 --> Call to a member function getNews() on null
in APPPATH\Controllers\News.php on line 14.
 1 SYSTEMPATH\CodeIgniter.php(902): App\Controllers\News->index()
 2 SYSTEMPATH\CodeIgniter.php(457): CodeIgniter\CodeIgniter->runController(Object(App\Controllers\News))
 3 SYSTEMPATH\CodeIgniter.php(340): CodeIgniter\CodeIgniter->handleRequest(null, Object(Config\Cache), false)
 4 FCPATH\index.php(67): CodeIgniter\CodeIgniter->run()
 5 SYSTEMPATH\Commands\Server\rewrite.php(46): require_once('FCPATH\\index.php')
CRITICAL - 2022-10-13 21:57:44 --> Call to a member function getNews() on null
in APPPATH\Controllers\News.php on line 27.
 1 SYSTEMPATH\CodeIgniter.php(902): App\Controllers\News->view()
 2 SYSTEMPATH\CodeIgniter.php(457): CodeIgniter\CodeIgniter->runController(Object(App\Controllers\News))
 3 SYSTEMPATH\CodeIgniter.php(340): CodeIgniter\CodeIgniter->handleRequest(null, Object(Config\Cache), false)
 4 FCPATH\index.php(67): CodeIgniter\CodeIgniter->run()
 5 SYSTEMPATH\Commands\Server\rewrite.php(46): require_once('FCPATH\\index.php')
