CRITICAL - 2022-12-12 09:12:03 --> The namespace delimiter is a backslash (\), not a slash (/). Route handler: \App\Controllers\formularios/formulario
in SYSTEMPATH\Router\Router.php on line 466.
 1 SYSTEMPATH\Router\Router.php(466): CodeIgniter\Router\Exceptions\RouterException::forInvalidControllerName('\\App\\Controllers\\formularios/formulario')
 2 SYSTEMPATH\Router\Router.php(181): CodeIgniter\Router\Router->checkRoutes('home')
 3 SYSTEMPATH\CodeIgniter.php(777): CodeIgniter\Router\Router->handle('home')
 4 SYSTEMPATH\CodeIgniter.php(406): CodeIgniter\CodeIgniter->tryToRouteIt(Object(CodeIgniter\Router\RouteCollection))
 5 SYSTEMPATH\CodeIgniter.php(340): CodeIgniter\CodeIgniter->handleRequest(null, Object(Config\Cache), false)
 6 FCPATH\index.php(67): CodeIgniter\CodeIgniter->run()
 7 SYSTEMPATH\Commands\Server\rewrite.php(46): require_once('FCPATH\\index.php')
CRITICAL - 2022-12-12 09:14:27 --> Argument 2 passed to view() must be of the type array, string given, called in C:\wamp64\www\AVM-Sistemas-Desafio-1\app\Controllers\Pages.php on line 15
in SYSTEMPATH\Common.php on line 1128.
 1 APPPATH\Controllers\Pages.php(15): view('templates/header', 'home')
 2 SYSTEMPATH\CodeIgniter.php(902): App\Controllers\Pages->index()
 3 SYSTEMPATH\CodeIgniter.php(457): CodeIgniter\CodeIgniter->runController(Object(App\Controllers\Pages))
 4 SYSTEMPATH\CodeIgniter.php(340): CodeIgniter\CodeIgniter->handleRequest(null, Object(Config\Cache), false)
 5 FCPATH\index.php(67): CodeIgniter\CodeIgniter->run()
 6 SYSTEMPATH\Commands\Server\rewrite.php(46): require_once('FCPATH\\index.php')
CRITICAL - 2022-12-12 09:15:19 --> Undefined variable: operacao
in APPPATH\Views\formularios\formulario.php on line 6.
 1 APPPATH\Views\formularios\formulario.php(6): CodeIgniter\Debug\Exceptions->errorHandler(8, 'Undefined variable: operacao', 'APPPATH\\Views\\formularios\\formulario.php', 6, [...])
 2 SYSTEMPATH\View\View.php(213): include('APPPATH\\Views\\formularios\\formulario.php')
 3 SYSTEMPATH\View\View.php(216): CodeIgniter\View\View->CodeIgniter\View\{closure}()
 4 SYSTEMPATH\Common.php(1142): CodeIgniter\View\View->render('formularios/formulario', [], true)
 5 APPPATH\Controllers\Pages.php(17): view('formularios/formulario')
 6 SYSTEMPATH\CodeIgniter.php(902): App\Controllers\Pages->index()
 7 SYSTEMPATH\CodeIgniter.php(457): CodeIgniter\CodeIgniter->runController(Object(App\Controllers\Pages))
 8 SYSTEMPATH\CodeIgniter.php(340): CodeIgniter\CodeIgniter->handleRequest(null, Object(Config\Cache), false)
 9 FCPATH\index.php(67): CodeIgniter\CodeIgniter->run()
10 SYSTEMPATH\Commands\Server\rewrite.php(46): require_once('FCPATH\\index.php')
CRITICAL - 2022-12-12 09:20:38 --> The original file is not a valid file.
in SYSTEMPATH\HTTP\Files\UploadedFile.php on line 137.
 1 SYSTEMPATH\HTTP\Files\UploadedFile.php(137): CodeIgniter\HTTP\Exceptions\HTTPException::forInvalidFile()
 2 APPPATH\Controllers\UploadDoc.php(13): CodeIgniter\HTTP\Files\UploadedFile->move('ROOTPATH\\public')
 3 APPPATH\Controllers\Pages.php(67): App\Controllers\UploadDoc->upload(Object(CodeIgniter\HTTP\Files\UploadedFile))
 4 SYSTEMPATH\CodeIgniter.php(902): App\Controllers\Pages->cadastrarAtualizarDados()
 5 SYSTEMPATH\CodeIgniter.php(457): CodeIgniter\CodeIgniter->runController(Object(App\Controllers\Pages))
 6 SYSTEMPATH\CodeIgniter.php(340): CodeIgniter\CodeIgniter->handleRequest(null, Object(Config\Cache), false)
 7 FCPATH\index.php(67): CodeIgniter\CodeIgniter->run()
 8 SYSTEMPATH\Commands\Server\rewrite.php(46): require_once('FCPATH\\index.php')
