CRITICAL - 2022-10-15 06:59:19 --> Undefined variable: dados
in APPPATH\Views\tabelas\dadosPessoa.php on line 9.
 1 APPPATH\Views\tabelas\dadosPessoa.php(9): CodeIgniter\Debug\Exceptions->errorHandler(8, 'Undefined variable: dados', 'APPPATH\\Views\\tabelas\\dadosPessoa.php', 9, [...])
 2 SYSTEMPATH\View\View.php(213): include('APPPATH\\Views\\tabelas\\dadosPessoa.php')
 3 SYSTEMPATH\View\View.php(216): CodeIgniter\View\View->CodeIgniter\View\{closure}()
 4 SYSTEMPATH\Common.php(1142): CodeIgniter\View\View->render('tabelas/dadosPessoa', [], true)
 5 APPPATH\Controllers\Pages.php(44): view('tabelas/dadosPessoa')
 6 SYSTEMPATH\CodeIgniter.php(902): App\Controllers\Pages->createFormCadastro()
 7 SYSTEMPATH\CodeIgniter.php(457): CodeIgniter\CodeIgniter->runController(Object(App\Controllers\Pages))
 8 SYSTEMPATH\CodeIgniter.php(340): CodeIgniter\CodeIgniter->handleRequest(null, Object(Config\Cache), false)
 9 FCPATH\index.php(67): CodeIgniter\CodeIgniter->run()
10 SYSTEMPATH\Commands\Server\rewrite.php(46): require_once('FCPATH\\index.php')
CRITICAL - 2022-10-15 06:59:39 --> Undefined variable: dados
in APPPATH\Views\tabelas\dadosPessoa.php on line 9.
 1 APPPATH\Views\tabelas\dadosPessoa.php(9): CodeIgniter\Debug\Exceptions->errorHandler(8, 'Undefined variable: dados', 'APPPATH\\Views\\tabelas\\dadosPessoa.php', 9, [...])
 2 SYSTEMPATH\View\View.php(213): include('APPPATH\\Views\\tabelas\\dadosPessoa.php')
 3 SYSTEMPATH\View\View.php(216): CodeIgniter\View\View->CodeIgniter\View\{closure}()
 4 SYSTEMPATH\Common.php(1142): CodeIgniter\View\View->render('tabelas/dadosPessoa', [], true)
 5 APPPATH\Controllers\Pages.php(44): view('tabelas/dadosPessoa')
 6 SYSTEMPATH\CodeIgniter.php(902): App\Controllers\Pages->createFormCadastro()
 7 SYSTEMPATH\CodeIgniter.php(457): CodeIgniter\CodeIgniter->runController(Object(App\Controllers\Pages))
 8 SYSTEMPATH\CodeIgniter.php(340): CodeIgniter\CodeIgniter->handleRequest(null, Object(Config\Cache), false)
 9 FCPATH\index.php(67): CodeIgniter\CodeIgniter->run()
10 SYSTEMPATH\Commands\Server\rewrite.php(46): require_once('FCPATH\\index.php')
CRITICAL - 2022-10-15 07:00:24 --> Undefined variable: dados
in APPPATH\Views\tabelas\dadosPessoa.php on line 9.
 1 APPPATH\Views\tabelas\dadosPessoa.php(9): CodeIgniter\Debug\Exceptions->errorHandler(8, 'Undefined variable: dados', 'APPPATH\\Views\\tabelas\\dadosPessoa.php', 9, [...])
 2 SYSTEMPATH\View\View.php(213): include('APPPATH\\Views\\tabelas\\dadosPessoa.php')
 3 SYSTEMPATH\View\View.php(216): CodeIgniter\View\View->CodeIgniter\View\{closure}()
 4 SYSTEMPATH\Common.php(1142): CodeIgniter\View\View->render('tabelas/dadosPessoa', [], true)
 5 APPPATH\Controllers\Pages.php(44): view('tabelas/dadosPessoa')
 6 SYSTEMPATH\CodeIgniter.php(902): App\Controllers\Pages->createFormCadastro()
 7 SYSTEMPATH\CodeIgniter.php(457): CodeIgniter\CodeIgniter->runController(Object(App\Controllers\Pages))
 8 SYSTEMPATH\CodeIgniter.php(340): CodeIgniter\CodeIgniter->handleRequest(null, Object(Config\Cache), false)
 9 FCPATH\index.php(67): CodeIgniter\CodeIgniter->run()
10 SYSTEMPATH\Commands\Server\rewrite.php(46): require_once('FCPATH\\index.php')
CRITICAL - 2022-10-15 07:01:00 --> Undefined variable: dados
in APPPATH\Controllers\Pages.php on line 31.
 1 APPPATH\Controllers\Pages.php(31): CodeIgniter\Debug\Exceptions->errorHandler(8, 'Undefined variable: dados', 'APPPATH\\Controllers\\Pages.php', 31, [...])
 2 SYSTEMPATH\CodeIgniter.php(902): App\Controllers\Pages->createFormCadastro()
 3 SYSTEMPATH\CodeIgniter.php(457): CodeIgniter\CodeIgniter->runController(Object(App\Controllers\Pages))
 4 SYSTEMPATH\CodeIgniter.php(340): CodeIgniter\CodeIgniter->handleRequest(null, Object(Config\Cache), false)
 5 FCPATH\index.php(67): CodeIgniter\CodeIgniter->run()
 6 SYSTEMPATH\Commands\Server\rewrite.php(46): require_once('FCPATH\\index.php')
CRITICAL - 2022-10-15 07:01:08 --> Undefined variable: dados
in APPPATH\Views\tabelas\dadosPessoa.php on line 9.
 1 APPPATH\Views\tabelas\dadosPessoa.php(9): CodeIgniter\Debug\Exceptions->errorHandler(8, 'Undefined variable: dados', 'APPPATH\\Views\\tabelas\\dadosPessoa.php', 9, [...])
 2 SYSTEMPATH\View\View.php(213): include('APPPATH\\Views\\tabelas\\dadosPessoa.php')
 3 SYSTEMPATH\View\View.php(216): CodeIgniter\View\View->CodeIgniter\View\{closure}()
 4 SYSTEMPATH\Common.php(1142): CodeIgniter\View\View->render('tabelas/dadosPessoa', [], true)
 5 APPPATH\Controllers\Pages.php(44): view('tabelas/dadosPessoa')
 6 SYSTEMPATH\CodeIgniter.php(902): App\Controllers\Pages->createFormCadastro()
 7 SYSTEMPATH\CodeIgniter.php(457): CodeIgniter\CodeIgniter->runController(Object(App\Controllers\Pages))
 8 SYSTEMPATH\CodeIgniter.php(340): CodeIgniter\CodeIgniter->handleRequest(null, Object(Config\Cache), false)
 9 FCPATH\index.php(67): CodeIgniter\CodeIgniter->run()
10 SYSTEMPATH\Commands\Server\rewrite.php(46): require_once('FCPATH\\index.php')
CRITICAL - 2022-10-15 07:01:31 --> Undefined variable: data
in APPPATH\Views\tabelas\dadosPessoa.php on line 9.
 1 APPPATH\Views\tabelas\dadosPessoa.php(9): CodeIgniter\Debug\Exceptions->errorHandler(8, 'Undefined variable: data', 'APPPATH\\Views\\tabelas\\dadosPessoa.php', 9, [...])
 2 SYSTEMPATH\View\View.php(213): include('APPPATH\\Views\\tabelas\\dadosPessoa.php')
 3 SYSTEMPATH\View\View.php(216): CodeIgniter\View\View->CodeIgniter\View\{closure}()
 4 SYSTEMPATH\Common.php(1142): CodeIgniter\View\View->render('tabelas/dadosPessoa', [], true)
 5 APPPATH\Controllers\Pages.php(44): view('tabelas/dadosPessoa')
 6 SYSTEMPATH\CodeIgniter.php(902): App\Controllers\Pages->createFormCadastro()
 7 SYSTEMPATH\CodeIgniter.php(457): CodeIgniter\CodeIgniter->runController(Object(App\Controllers\Pages))
 8 SYSTEMPATH\CodeIgniter.php(340): CodeIgniter\CodeIgniter->handleRequest(null, Object(Config\Cache), false)
 9 FCPATH\index.php(67): CodeIgniter\CodeIgniter->run()
10 SYSTEMPATH\Commands\Server\rewrite.php(46): require_once('FCPATH\\index.php')
CRITICAL - 2022-10-15 07:01:39 --> Undefined variable: data
in APPPATH\Views\tabelas\dadosPessoa.php on line 9.
 1 APPPATH\Views\tabelas\dadosPessoa.php(9): CodeIgniter\Debug\Exceptions->errorHandler(8, 'Undefined variable: data', 'APPPATH\\Views\\tabelas\\dadosPessoa.php', 9, [...])
 2 SYSTEMPATH\View\View.php(213): include('APPPATH\\Views\\tabelas\\dadosPessoa.php')
 3 SYSTEMPATH\View\View.php(216): CodeIgniter\View\View->CodeIgniter\View\{closure}()
 4 SYSTEMPATH\Common.php(1142): CodeIgniter\View\View->render('tabelas/dadosPessoa', [], true)
 5 APPPATH\Controllers\Pages.php(44): view('tabelas/dadosPessoa')
 6 SYSTEMPATH\CodeIgniter.php(902): App\Controllers\Pages->createFormCadastro()
 7 SYSTEMPATH\CodeIgniter.php(457): CodeIgniter\CodeIgniter->runController(Object(App\Controllers\Pages))
 8 SYSTEMPATH\CodeIgniter.php(340): CodeIgniter\CodeIgniter->handleRequest(null, Object(Config\Cache), false)
 9 FCPATH\index.php(67): CodeIgniter\CodeIgniter->run()
10 SYSTEMPATH\Commands\Server\rewrite.php(46): require_once('FCPATH\\index.php')
CRITICAL - 2022-10-15 07:05:42 --> Trying to get property 'id' of non-object
in APPPATH\Views\tabelas\dadosPessoa.php on line 12.
 1 APPPATH\Views\tabelas\dadosPessoa.php(12): CodeIgniter\Debug\Exceptions->errorHandler(8, 'Trying to get property \'id\' of non-object', 'APPPATH\\Views\\tabelas\\dadosPessoa.php', 12, [...])
 2 SYSTEMPATH\View\View.php(213): include('APPPATH\\Views\\tabelas\\dadosPessoa.php')
 3 SYSTEMPATH\View\View.php(216): CodeIgniter\View\View->CodeIgniter\View\{closure}()
 4 SYSTEMPATH\Common.php(1142): CodeIgniter\View\View->render('tabelas/dadosPessoa', [], true)
 5 APPPATH\Controllers\Pages.php(45): view('tabelas/dadosPessoa')
 6 SYSTEMPATH\CodeIgniter.php(902): App\Controllers\Pages->createFormCadastro()
 7 SYSTEMPATH\CodeIgniter.php(457): CodeIgniter\CodeIgniter->runController(Object(App\Controllers\Pages))
 8 SYSTEMPATH\CodeIgniter.php(340): CodeIgniter\CodeIgniter->handleRequest(null, Object(Config\Cache), false)
 9 FCPATH\index.php(67): CodeIgniter\CodeIgniter->run()
10 SYSTEMPATH\Commands\Server\rewrite.php(46): require_once('FCPATH\\index.php')
CRITICAL - 2022-10-15 07:06:44 --> Undefined index: dados
in APPPATH\Views\tabelas\dadosPessoa.php on line 9.
 1 APPPATH\Views\tabelas\dadosPessoa.php(9): CodeIgniter\Debug\Exceptions->errorHandler(8, 'Undefined index: dados', 'APPPATH\\Views\\tabelas\\dadosPessoa.php', 9, [...])
 2 SYSTEMPATH\View\View.php(213): include('APPPATH\\Views\\tabelas\\dadosPessoa.php')
 3 SYSTEMPATH\View\View.php(216): CodeIgniter\View\View->CodeIgniter\View\{closure}()
 4 SYSTEMPATH\Common.php(1142): CodeIgniter\View\View->render('tabelas/dadosPessoa', [], true)
 5 APPPATH\Controllers\Pages.php(45): view('tabelas/dadosPessoa')
 6 SYSTEMPATH\CodeIgniter.php(902): App\Controllers\Pages->createFormCadastro()
 7 SYSTEMPATH\CodeIgniter.php(457): CodeIgniter\CodeIgniter->runController(Object(App\Controllers\Pages))
 8 SYSTEMPATH\CodeIgniter.php(340): CodeIgniter\CodeIgniter->handleRequest(null, Object(Config\Cache), false)
 9 FCPATH\index.php(67): CodeIgniter\CodeIgniter->run()
10 SYSTEMPATH\Commands\Server\rewrite.php(46): require_once('FCPATH\\index.php')
CRITICAL - 2022-10-15 07:07:13 --> Trying to get property 'id' of non-object
in APPPATH\Views\tabelas\dadosPessoa.php on line 13.
 1 APPPATH\Views\tabelas\dadosPessoa.php(13): CodeIgniter\Debug\Exceptions->errorHandler(8, 'Trying to get property \'id\' of non-object', 'APPPATH\\Views\\tabelas\\dadosPessoa.php', 13, [...])
 2 SYSTEMPATH\View\View.php(213): include('APPPATH\\Views\\tabelas\\dadosPessoa.php')
 3 SYSTEMPATH\View\View.php(216): CodeIgniter\View\View->CodeIgniter\View\{closure}()
 4 SYSTEMPATH\Common.php(1142): CodeIgniter\View\View->render('tabelas/dadosPessoa', [], true)
 5 APPPATH\Controllers\Pages.php(45): view('tabelas/dadosPessoa')
 6 SYSTEMPATH\CodeIgniter.php(902): App\Controllers\Pages->createFormCadastro()
 7 SYSTEMPATH\CodeIgniter.php(457): CodeIgniter\CodeIgniter->runController(Object(App\Controllers\Pages))
 8 SYSTEMPATH\CodeIgniter.php(340): CodeIgniter\CodeIgniter->handleRequest(null, Object(Config\Cache), false)
 9 FCPATH\index.php(67): CodeIgniter\CodeIgniter->run()
10 SYSTEMPATH\Commands\Server\rewrite.php(46): require_once('FCPATH\\index.php')
CRITICAL - 2022-10-15 07:07:31 --> Trying to get property 'nome' of non-object
in APPPATH\Views\tabelas\dadosPessoa.php on line 14.
 1 APPPATH\Views\tabelas\dadosPessoa.php(14): CodeIgniter\Debug\Exceptions->errorHandler(8, 'Trying to get property \'nome\' of non-object', 'APPPATH\\Views\\tabelas\\dadosPessoa.php', 14, [...])
 2 SYSTEMPATH\View\View.php(213): include('APPPATH\\Views\\tabelas\\dadosPessoa.php')
 3 SYSTEMPATH\View\View.php(216): CodeIgniter\View\View->CodeIgniter\View\{closure}()
 4 SYSTEMPATH\Common.php(1142): CodeIgniter\View\View->render('tabelas/dadosPessoa', [], true)
 5 APPPATH\Controllers\Pages.php(45): view('tabelas/dadosPessoa')
 6 SYSTEMPATH\CodeIgniter.php(902): App\Controllers\Pages->createFormCadastro()
 7 SYSTEMPATH\CodeIgniter.php(457): CodeIgniter\CodeIgniter->runController(Object(App\Controllers\Pages))
 8 SYSTEMPATH\CodeIgniter.php(340): CodeIgniter\CodeIgniter->handleRequest(null, Object(Config\Cache), false)
 9 FCPATH\index.php(67): CodeIgniter\CodeIgniter->run()
10 SYSTEMPATH\Commands\Server\rewrite.php(46): require_once('FCPATH\\index.php')
CRITICAL - 2022-10-15 07:08:54 --> Undefined variable: title
in APPPATH\Views\templates\header.php on line 15.
 1 APPPATH\Views\templates\header.php(15): CodeIgniter\Debug\Exceptions->errorHandler(8, 'Undefined variable: title', 'APPPATH\\Views\\templates\\header.php', 15, [])
 2 SYSTEMPATH\View\View.php(213): include('APPPATH\\Views\\templates\\header.php')
 3 SYSTEMPATH\View\View.php(216): CodeIgniter\View\View->CodeIgniter\View\{closure}()
 4 SYSTEMPATH\Common.php(1142): CodeIgniter\View\View->render('templates/header', [], true)
 5 APPPATH\Controllers\Pages.php(43): view('templates/header')
 6 SYSTEMPATH\CodeIgniter.php(902): App\Controllers\Pages->createFormCadastro()
 7 SYSTEMPATH\CodeIgniter.php(457): CodeIgniter\CodeIgniter->runController(Object(App\Controllers\Pages))
 8 SYSTEMPATH\CodeIgniter.php(340): CodeIgniter\CodeIgniter->handleRequest(null, Object(Config\Cache), false)
 9 FCPATH\index.php(67): CodeIgniter\CodeIgniter->run()
10 SYSTEMPATH\Commands\Server\rewrite.php(46): require_once('FCPATH\\index.php')
CRITICAL - 2022-10-15 07:23:15 --> Call to undefined function App\Controllers\viewForm()
in APPPATH\Controllers\Pages.php on line 50.
 1 SYSTEMPATH\CodeIgniter.php(902): App\Controllers\Pages->createFormCadastro()
 2 SYSTEMPATH\CodeIgniter.php(457): CodeIgniter\CodeIgniter->runController(Object(App\Controllers\Pages))
 3 SYSTEMPATH\CodeIgniter.php(340): CodeIgniter\CodeIgniter->handleRequest(null, Object(Config\Cache), false)
 4 FCPATH\index.php(67): CodeIgniter\CodeIgniter->run()
 5 SYSTEMPATH\Commands\Server\rewrite.php(46): require_once('FCPATH\\index.php')
CRITICAL - 2022-10-15 07:23:34 --> syntax error, unexpected 'viewForm' (T_STRING)
in APPPATH\Controllers\Pages.php on line 50.
 1 SYSTEMPATH\Autoloader\Autoloader.php(259): CodeIgniter\Autoloader\Autoloader->includeFile('APPPATH\\Controllers\\Pages.php')
 2 SYSTEMPATH\Autoloader\Autoloader.php(237): CodeIgniter\Autoloader\Autoloader->loadInNamespace('App\\Controllers\\Pages')
 3 [internal function]: CodeIgniter\Autoloader\Autoloader->loadClass('App\\Controllers\\Pages')
 4 [internal function]: spl_autoload_call('App\\Controllers\\Pages')
 5 SYSTEMPATH\CodeIgniter.php(852): class_exists('\\App\\Controllers\\Pages', true)
 6 SYSTEMPATH\CodeIgniter.php(444): CodeIgniter\CodeIgniter->startController()
 7 SYSTEMPATH\CodeIgniter.php(340): CodeIgniter\CodeIgniter->handleRequest(null, Object(Config\Cache), false)
 8 FCPATH\index.php(67): CodeIgniter\CodeIgniter->run()
 9 SYSTEMPATH\Commands\Server\rewrite.php(46): require_once('FCPATH\\index.php')
CRITICAL - 2022-10-15 07:44:13 --> Undefined variable: dados
in APPPATH\Views\tabelas\dadosPessoa.php on line 13.
 1 APPPATH\Views\tabelas\dadosPessoa.php(13): CodeIgniter\Debug\Exceptions->errorHandler(8, 'Undefined variable: dados', 'APPPATH\\Views\\tabelas\\dadosPessoa.php', 13, [...])
 2 SYSTEMPATH\View\View.php(213): include('APPPATH\\Views\\tabelas\\dadosPessoa.php')
 3 SYSTEMPATH\View\View.php(216): CodeIgniter\View\View->CodeIgniter\View\{closure}()
 4 SYSTEMPATH\Common.php(1142): CodeIgniter\View\View->render('tabelas/dadosPessoa', [], true)
 5 APPPATH\Controllers\Pages.php(58): view('tabelas/dadosPessoa')
 6 SYSTEMPATH\CodeIgniter.php(902): App\Controllers\Pages->excluirCadastro()
 7 SYSTEMPATH\CodeIgniter.php(457): CodeIgniter\CodeIgniter->runController(Object(App\Controllers\Pages))
 8 SYSTEMPATH\CodeIgniter.php(340): CodeIgniter\CodeIgniter->handleRequest(null, Object(Config\Cache), false)
 9 FCPATH\index.php(67): CodeIgniter\CodeIgniter->run()
10 SYSTEMPATH\Commands\Server\rewrite.php(46): require_once('FCPATH\\index.php')
CRITICAL - 2022-10-15 07:57:24 --> Undefined variable: builder
in APPPATH\Controllers\Pages.php on line 55.
 1 APPPATH\Controllers\Pages.php(55): CodeIgniter\Debug\Exceptions->errorHandler(8, 'Undefined variable: builder', 'APPPATH\\Controllers\\Pages.php', 55, [...])
 2 SYSTEMPATH\CodeIgniter.php(902): App\Controllers\Pages->excluirCadastro()
 3 SYSTEMPATH\CodeIgniter.php(457): CodeIgniter\CodeIgniter->runController(Object(App\Controllers\Pages))
 4 SYSTEMPATH\CodeIgniter.php(340): CodeIgniter\CodeIgniter->handleRequest(null, Object(Config\Cache), false)
 5 FCPATH\index.php(67): CodeIgniter\CodeIgniter->run()
 6 SYSTEMPATH\Commands\Server\rewrite.php(46): require_once('FCPATH\\index.php')
CRITICAL - 2022-10-15 08:05:30 --> Undefined variable: dados
in APPPATH\Views\tabelas\dadosPessoa.php on line 13.
 1 APPPATH\Views\tabelas\dadosPessoa.php(13): CodeIgniter\Debug\Exceptions->errorHandler(8, 'Undefined variable: dados', 'APPPATH\\Views\\tabelas\\dadosPessoa.php', 13, [...])
 2 SYSTEMPATH\View\View.php(213): include('APPPATH\\Views\\tabelas\\dadosPessoa.php')
 3 SYSTEMPATH\View\View.php(216): CodeIgniter\View\View->CodeIgniter\View\{closure}()
 4 SYSTEMPATH\Common.php(1142): CodeIgniter\View\View->render('tabelas/dadosPessoa', [], true)
 5 APPPATH\Controllers\Pages.php(61): view('tabelas/dadosPessoa')
 6 SYSTEMPATH\CodeIgniter.php(902): App\Controllers\Pages->excluirCadastro()
 7 SYSTEMPATH\CodeIgniter.php(457): CodeIgniter\CodeIgniter->runController(Object(App\Controllers\Pages))
 8 SYSTEMPATH\CodeIgniter.php(340): CodeIgniter\CodeIgniter->handleRequest(null, Object(Config\Cache), false)
 9 FCPATH\index.php(67): CodeIgniter\CodeIgniter->run()
10 SYSTEMPATH\Commands\Server\rewrite.php(46): require_once('FCPATH\\index.php')
CRITICAL - 2022-10-15 08:15:53 --> Call to undefined function App\Controllers\index()
in APPPATH\Controllers\Pages.php on line 62.
 1 SYSTEMPATH\CodeIgniter.php(902): App\Controllers\Pages->excluirCadastro()
 2 SYSTEMPATH\CodeIgniter.php(457): CodeIgniter\CodeIgniter->runController(Object(App\Controllers\Pages))
 3 SYSTEMPATH\CodeIgniter.php(340): CodeIgniter\CodeIgniter->handleRequest(null, Object(Config\Cache), false)
 4 FCPATH\index.php(67): CodeIgniter\CodeIgniter->run()
 5 SYSTEMPATH\Commands\Server\rewrite.php(46): require_once('FCPATH\\index.php')
CRITICAL - 2022-10-15 08:19:30 --> Argument 3 passed to view() must be of the type array, bool given, called in C:\wamp64\www\AVM-Sistemas-Desafio-1\app\Controllers\Pages.php on line 42
in SYSTEMPATH\Common.php on line 1128.
 1 APPPATH\Controllers\Pages.php(42): view('templates/header', [...], false)
 2 SYSTEMPATH\CodeIgniter.php(902): App\Controllers\Pages->createFormCadastro()
 3 SYSTEMPATH\CodeIgniter.php(457): CodeIgniter\CodeIgniter->runController(Object(App\Controllers\Pages))
 4 SYSTEMPATH\CodeIgniter.php(340): CodeIgniter\CodeIgniter->handleRequest(null, Object(Config\Cache), false)
 5 FCPATH\index.php(67): CodeIgniter\CodeIgniter->run()
 6 SYSTEMPATH\Commands\Server\rewrite.php(46): require_once('FCPATH\\index.php')
CRITICAL - 2022-10-15 08:41:29 --> Undefined index: nome
in APPPATH\Views\formularios\formulario.php on line 10.
 1 APPPATH\Views\formularios\formulario.php(10): CodeIgniter\Debug\Exceptions->errorHandler(8, 'Undefined index: nome', 'APPPATH\\Views\\formularios\\formulario.php', 10, [...])
 2 SYSTEMPATH\View\View.php(213): include('APPPATH\\Views\\formularios\\formulario.php')
 3 SYSTEMPATH\View\View.php(216): CodeIgniter\View\View->CodeIgniter\View\{closure}()
 4 SYSTEMPATH\Common.php(1142): CodeIgniter\View\View->render('formularios/formulario', [], true)
 5 APPPATH\Controllers\Pages.php(43): view('formularios/formulario')
 6 SYSTEMPATH\CodeIgniter.php(902): App\Controllers\Pages->createFormCadastro()
 7 SYSTEMPATH\CodeIgniter.php(457): CodeIgniter\CodeIgniter->runController(Object(App\Controllers\Pages))
 8 SYSTEMPATH\CodeIgniter.php(340): CodeIgniter\CodeIgniter->handleRequest(null, Object(Config\Cache), false)
 9 FCPATH\index.php(67): CodeIgniter\CodeIgniter->run()
10 SYSTEMPATH\Commands\Server\rewrite.php(46): require_once('FCPATH\\index.php')
CRITICAL - 2022-10-15 08:41:35 --> Undefined index: nome
in APPPATH\Views\formularios\formulario.php on line 10.
 1 APPPATH\Views\formularios\formulario.php(10): CodeIgniter\Debug\Exceptions->errorHandler(8, 'Undefined index: nome', 'APPPATH\\Views\\formularios\\formulario.php', 10, [...])
 2 SYSTEMPATH\View\View.php(213): include('APPPATH\\Views\\formularios\\formulario.php')
 3 SYSTEMPATH\View\View.php(216): CodeIgniter\View\View->CodeIgniter\View\{closure}()
 4 SYSTEMPATH\Common.php(1142): CodeIgniter\View\View->render('formularios/formulario', [], true)
 5 APPPATH\Controllers\Pages.php(43): view('formularios/formulario')
 6 SYSTEMPATH\CodeIgniter.php(902): App\Controllers\Pages->createFormCadastro()
 7 SYSTEMPATH\CodeIgniter.php(457): CodeIgniter\CodeIgniter->runController(Object(App\Controllers\Pages))
 8 SYSTEMPATH\CodeIgniter.php(340): CodeIgniter\CodeIgniter->handleRequest(null, Object(Config\Cache), false)
 9 FCPATH\index.php(67): CodeIgniter\CodeIgniter->run()
10 SYSTEMPATH\Commands\Server\rewrite.php(46): require_once('FCPATH\\index.php')
CRITICAL - 2022-10-15 08:41:57 --> Undefined index: nome
in APPPATH\Views\formularios\formulario.php on line 10.
 1 APPPATH\Views\formularios\formulario.php(10): CodeIgniter\Debug\Exceptions->errorHandler(8, 'Undefined index: nome', 'APPPATH\\Views\\formularios\\formulario.php', 10, [...])
 2 SYSTEMPATH\View\View.php(213): include('APPPATH\\Views\\formularios\\formulario.php')
 3 SYSTEMPATH\View\View.php(216): CodeIgniter\View\View->CodeIgniter\View\{closure}()
 4 SYSTEMPATH\Common.php(1142): CodeIgniter\View\View->render('formularios/formulario', [], true)
 5 APPPATH\Controllers\Pages.php(43): view('formularios/formulario')
 6 SYSTEMPATH\CodeIgniter.php(902): App\Controllers\Pages->createFormCadastro()
 7 SYSTEMPATH\CodeIgniter.php(457): CodeIgniter\CodeIgniter->runController(Object(App\Controllers\Pages))
 8 SYSTEMPATH\CodeIgniter.php(340): CodeIgniter\CodeIgniter->handleRequest(null, Object(Config\Cache), false)
 9 FCPATH\index.php(67): CodeIgniter\CodeIgniter->run()
10 SYSTEMPATH\Commands\Server\rewrite.php(46): require_once('FCPATH\\index.php')
CRITICAL - 2022-10-15 08:42:25 --> Undefined index: nome
in APPPATH\Views\formularios\formulario.php on line 10.
 1 APPPATH\Views\formularios\formulario.php(10): CodeIgniter\Debug\Exceptions->errorHandler(8, 'Undefined index: nome', 'APPPATH\\Views\\formularios\\formulario.php', 10, [...])
 2 SYSTEMPATH\View\View.php(213): include('APPPATH\\Views\\formularios\\formulario.php')
 3 SYSTEMPATH\View\View.php(216): CodeIgniter\View\View->CodeIgniter\View\{closure}()
 4 SYSTEMPATH\Common.php(1142): CodeIgniter\View\View->render('formularios/formulario', [], true)
 5 APPPATH\Controllers\Pages.php(43): view('formularios/formulario')
 6 SYSTEMPATH\CodeIgniter.php(902): App\Controllers\Pages->createFormCadastro()
 7 SYSTEMPATH\CodeIgniter.php(457): CodeIgniter\CodeIgniter->runController(Object(App\Controllers\Pages))
 8 SYSTEMPATH\CodeIgniter.php(340): CodeIgniter\CodeIgniter->handleRequest(null, Object(Config\Cache), false)
 9 FCPATH\index.php(67): CodeIgniter\CodeIgniter->run()
10 SYSTEMPATH\Commands\Server\rewrite.php(46): require_once('FCPATH\\index.php')
CRITICAL - 2022-10-15 08:51:06 --> Undefined index: nome
in APPPATH\Views\formularios\formulario.php on line 10.
 1 APPPATH\Views\formularios\formulario.php(10): CodeIgniter\Debug\Exceptions->errorHandler(8, 'Undefined index: nome', 'APPPATH\\Views\\formularios\\formulario.php', 10, [...])
 2 SYSTEMPATH\View\View.php(213): include('APPPATH\\Views\\formularios\\formulario.php')
 3 SYSTEMPATH\View\View.php(216): CodeIgniter\View\View->CodeIgniter\View\{closure}()
 4 SYSTEMPATH\Common.php(1142): CodeIgniter\View\View->render('formularios/formulario', [], true)
 5 APPPATH\Controllers\Pages.php(80): view('formularios/formulario')
 6 SYSTEMPATH\CodeIgniter.php(902): App\Controllers\Pages->editarCadastro()
 7 SYSTEMPATH\CodeIgniter.php(457): CodeIgniter\CodeIgniter->runController(Object(App\Controllers\Pages))
 8 SYSTEMPATH\CodeIgniter.php(340): CodeIgniter\CodeIgniter->handleRequest(null, Object(Config\Cache), false)
 9 FCPATH\index.php(67): CodeIgniter\CodeIgniter->run()
10 SYSTEMPATH\Commands\Server\rewrite.php(46): require_once('FCPATH\\index.php')
CRITICAL - 2022-10-15 08:59:22 --> Undefined index: operacao
in APPPATH\Views\formularios\formulario.php on line 9.
 1 APPPATH\Views\formularios\formulario.php(9): CodeIgniter\Debug\Exceptions->errorHandler(8, 'Undefined index: operacao', 'APPPATH\\Views\\formularios\\formulario.php', 9, [...])
 2 SYSTEMPATH\View\View.php(213): include('APPPATH\\Views\\formularios\\formulario.php')
 3 SYSTEMPATH\View\View.php(216): CodeIgniter\View\View->CodeIgniter\View\{closure}()
 4 SYSTEMPATH\Common.php(1142): CodeIgniter\View\View->render('formularios/formulario', [], true)
 5 APPPATH\Controllers\Pages.php(81): view('formularios/formulario')
 6 SYSTEMPATH\CodeIgniter.php(902): App\Controllers\Pages->editarCadastro()
 7 SYSTEMPATH\CodeIgniter.php(457): CodeIgniter\CodeIgniter->runController(Object(App\Controllers\Pages))
 8 SYSTEMPATH\CodeIgniter.php(340): CodeIgniter\CodeIgniter->handleRequest(null, Object(Config\Cache), false)
 9 FCPATH\index.php(67): CodeIgniter\CodeIgniter->run()
10 SYSTEMPATH\Commands\Server\rewrite.php(46): require_once('FCPATH\\index.php')
CRITICAL - 2022-10-15 08:59:30 --> Undefined index: operacao
in APPPATH\Views\formularios\formulario.php on line 9.
 1 APPPATH\Views\formularios\formulario.php(9): CodeIgniter\Debug\Exceptions->errorHandler(8, 'Undefined index: operacao', 'APPPATH\\Views\\formularios\\formulario.php', 9, [...])
 2 SYSTEMPATH\View\View.php(213): include('APPPATH\\Views\\formularios\\formulario.php')
 3 SYSTEMPATH\View\View.php(216): CodeIgniter\View\View->CodeIgniter\View\{closure}()
 4 SYSTEMPATH\Common.php(1142): CodeIgniter\View\View->render('formularios/formulario', [], true)
 5 APPPATH\Controllers\Pages.php(81): view('formularios/formulario')
 6 SYSTEMPATH\CodeIgniter.php(902): App\Controllers\Pages->editarCadastro()
 7 SYSTEMPATH\CodeIgniter.php(457): CodeIgniter\CodeIgniter->runController(Object(App\Controllers\Pages))
 8 SYSTEMPATH\CodeIgniter.php(340): CodeIgniter\CodeIgniter->handleRequest(null, Object(Config\Cache), false)
 9 FCPATH\index.php(67): CodeIgniter\CodeIgniter->run()
10 SYSTEMPATH\Commands\Server\rewrite.php(46): require_once('FCPATH\\index.php')
CRITICAL - 2022-10-15 08:59:34 --> Undefined index: operacao
in APPPATH\Views\formularios\formulario.php on line 9.
 1 APPPATH\Views\formularios\formulario.php(9): CodeIgniter\Debug\Exceptions->errorHandler(8, 'Undefined index: operacao', 'APPPATH\\Views\\formularios\\formulario.php', 9, [...])
 2 SYSTEMPATH\View\View.php(213): include('APPPATH\\Views\\formularios\\formulario.php')
 3 SYSTEMPATH\View\View.php(216): CodeIgniter\View\View->CodeIgniter\View\{closure}()
 4 SYSTEMPATH\Common.php(1142): CodeIgniter\View\View->render('formularios/formulario', [], true)
 5 APPPATH\Controllers\Pages.php(43): view('formularios/formulario')
 6 SYSTEMPATH\CodeIgniter.php(902): App\Controllers\Pages->createFormCadastro()
 7 SYSTEMPATH\CodeIgniter.php(457): CodeIgniter\CodeIgniter->runController(Object(App\Controllers\Pages))
 8 SYSTEMPATH\CodeIgniter.php(340): CodeIgniter\CodeIgniter->handleRequest(null, Object(Config\Cache), false)
 9 FCPATH\index.php(67): CodeIgniter\CodeIgniter->run()
10 SYSTEMPATH\Commands\Server\rewrite.php(46): require_once('FCPATH\\index.php')
CRITICAL - 2022-10-15 08:59:43 --> Undefined index: operacao
in APPPATH\Views\formularios\formulario.php on line 9.
 1 APPPATH\Views\formularios\formulario.php(9): CodeIgniter\Debug\Exceptions->errorHandler(8, 'Undefined index: operacao', 'APPPATH\\Views\\formularios\\formulario.php', 9, [...])
 2 SYSTEMPATH\View\View.php(213): include('APPPATH\\Views\\formularios\\formulario.php')
 3 SYSTEMPATH\View\View.php(216): CodeIgniter\View\View->CodeIgniter\View\{closure}()
 4 SYSTEMPATH\Common.php(1142): CodeIgniter\View\View->render('formularios/formulario', [], true)
 5 APPPATH\Controllers\Pages.php(43): view('formularios/formulario')
 6 SYSTEMPATH\CodeIgniter.php(902): App\Controllers\Pages->createFormCadastro()
 7 SYSTEMPATH\CodeIgniter.php(457): CodeIgniter\CodeIgniter->runController(Object(App\Controllers\Pages))
 8 SYSTEMPATH\CodeIgniter.php(340): CodeIgniter\CodeIgniter->handleRequest(null, Object(Config\Cache), false)
 9 FCPATH\index.php(67): CodeIgniter\CodeIgniter->run()
10 SYSTEMPATH\Commands\Server\rewrite.php(46): require_once('FCPATH\\index.php')
CRITICAL - 2022-10-15 09:00:19 --> Undefined index: operacao
in APPPATH\Views\formularios\formulario.php on line 9.
 1 APPPATH\Views\formularios\formulario.php(9): CodeIgniter\Debug\Exceptions->errorHandler(8, 'Undefined index: operacao', 'APPPATH\\Views\\formularios\\formulario.php', 9, [...])
 2 SYSTEMPATH\View\View.php(213): include('APPPATH\\Views\\formularios\\formulario.php')
 3 SYSTEMPATH\View\View.php(216): CodeIgniter\View\View->CodeIgniter\View\{closure}()
 4 SYSTEMPATH\Common.php(1142): CodeIgniter\View\View->render('formularios/formulario', [], true)
 5 APPPATH\Controllers\Pages.php(81): view('formularios/formulario')
 6 SYSTEMPATH\CodeIgniter.php(902): App\Controllers\Pages->editarCadastro()
 7 SYSTEMPATH\CodeIgniter.php(457): CodeIgniter\CodeIgniter->runController(Object(App\Controllers\Pages))
 8 SYSTEMPATH\CodeIgniter.php(340): CodeIgniter\CodeIgniter->handleRequest(null, Object(Config\Cache), false)
 9 FCPATH\index.php(67): CodeIgniter\CodeIgniter->run()
10 SYSTEMPATH\Commands\Server\rewrite.php(46): require_once('FCPATH\\index.php')
CRITICAL - 2022-10-15 09:01:31 --> Undefined variable: operacao
in APPPATH\Views\formularios\formulario.php on line 9.
 1 APPPATH\Views\formularios\formulario.php(9): CodeIgniter\Debug\Exceptions->errorHandler(8, 'Undefined variable: operacao', 'APPPATH\\Views\\formularios\\formulario.php', 9, [...])
 2 SYSTEMPATH\View\View.php(213): include('APPPATH\\Views\\formularios\\formulario.php')
 3 SYSTEMPATH\View\View.php(216): CodeIgniter\View\View->CodeIgniter\View\{closure}()
 4 SYSTEMPATH\Common.php(1142): CodeIgniter\View\View->render('formularios/formulario', [], true)
 5 APPPATH\Controllers\Pages.php(43): view('formularios/formulario')
 6 SYSTEMPATH\CodeIgniter.php(902): App\Controllers\Pages->createFormCadastro()
 7 SYSTEMPATH\CodeIgniter.php(457): CodeIgniter\CodeIgniter->runController(Object(App\Controllers\Pages))
 8 SYSTEMPATH\CodeIgniter.php(340): CodeIgniter\CodeIgniter->handleRequest(null, Object(Config\Cache), false)
 9 FCPATH\index.php(67): CodeIgniter\CodeIgniter->run()
10 SYSTEMPATH\Commands\Server\rewrite.php(46): require_once('FCPATH\\index.php')
CRITICAL - 2022-10-15 09:08:19 --> Undefined index: id
in APPPATH\Views\formularios\formulario.php on line 26.
 1 APPPATH\Views\formularios\formulario.php(26): CodeIgniter\Debug\Exceptions->errorHandler(8, 'Undefined index: id', 'APPPATH\\Views\\formularios\\formulario.php', 26, [...])
 2 SYSTEMPATH\View\View.php(213): include('APPPATH\\Views\\formularios\\formulario.php')
 3 SYSTEMPATH\View\View.php(216): CodeIgniter\View\View->CodeIgniter\View\{closure}()
 4 SYSTEMPATH\Common.php(1142): CodeIgniter\View\View->render('formularios/formulario', [], true)
 5 APPPATH\Controllers\Pages.php(82): view('formularios/formulario')
 6 SYSTEMPATH\CodeIgniter.php(902): App\Controllers\Pages->editarCadastro()
 7 SYSTEMPATH\CodeIgniter.php(457): CodeIgniter\CodeIgniter->runController(Object(App\Controllers\Pages))
 8 SYSTEMPATH\CodeIgniter.php(340): CodeIgniter\CodeIgniter->handleRequest(null, Object(Config\Cache), false)
 9 FCPATH\index.php(67): CodeIgniter\CodeIgniter->run()
10 SYSTEMPATH\Commands\Server\rewrite.php(46): require_once('FCPATH\\index.php')
CRITICAL - 2022-10-15 09:10:29 --> Undefined variable: data
in APPPATH\Views\formularios\formulario.php on line 25.
 1 APPPATH\Views\formularios\formulario.php(25): CodeIgniter\Debug\Exceptions->errorHandler(8, 'Undefined variable: data', 'APPPATH\\Views\\formularios\\formulario.php', 25, [...])
 2 SYSTEMPATH\View\View.php(213): include('APPPATH\\Views\\formularios\\formulario.php')
 3 SYSTEMPATH\View\View.php(216): CodeIgniter\View\View->CodeIgniter\View\{closure}()
 4 SYSTEMPATH\Common.php(1142): CodeIgniter\View\View->render('formularios/formulario', [], true)
 5 APPPATH\Controllers\Pages.php(83): view('formularios/formulario')
 6 SYSTEMPATH\CodeIgniter.php(902): App\Controllers\Pages->editarCadastro()
 7 SYSTEMPATH\CodeIgniter.php(457): CodeIgniter\CodeIgniter->runController(Object(App\Controllers\Pages))
 8 SYSTEMPATH\CodeIgniter.php(340): CodeIgniter\CodeIgniter->handleRequest(null, Object(Config\Cache), false)
 9 FCPATH\index.php(67): CodeIgniter\CodeIgniter->run()
10 SYSTEMPATH\Commands\Server\rewrite.php(46): require_once('FCPATH\\index.php')
CRITICAL - 2022-10-15 09:13:30 --> Undefined variable: operacao
in APPPATH\Views\formularios\formulario.php on line 4.
 1 APPPATH\Views\formularios\formulario.php(4): CodeIgniter\Debug\Exceptions->errorHandler(8, 'Undefined variable: operacao', 'APPPATH\\Views\\formularios\\formulario.php', 4, [...])
 2 SYSTEMPATH\View\View.php(213): include('APPPATH\\Views\\formularios\\formulario.php')
 3 SYSTEMPATH\View\View.php(216): CodeIgniter\View\View->CodeIgniter\View\{closure}()
 4 SYSTEMPATH\Common.php(1142): CodeIgniter\View\View->render('formularios/formulario', [], true)
 5 APPPATH\Controllers\Pages.php(63): view('formularios/formulario')
 6 SYSTEMPATH\CodeIgniter.php(902): App\Controllers\Pages->excluirCadastro()
 7 SYSTEMPATH\CodeIgniter.php(457): CodeIgniter\CodeIgniter->runController(Object(App\Controllers\Pages))
 8 SYSTEMPATH\CodeIgniter.php(340): CodeIgniter\CodeIgniter->handleRequest(null, Object(Config\Cache), false)
 9 FCPATH\index.php(67): CodeIgniter\CodeIgniter->run()
10 SYSTEMPATH\Commands\Server\rewrite.php(46): require_once('FCPATH\\index.php')
CRITICAL - 2022-10-15 09:37:46 --> Undefined variable: mensagem
in APPPATH\Views\formularios\formulario.php on line 4.
 1 APPPATH\Views\formularios\formulario.php(4): CodeIgniter\Debug\Exceptions->errorHandler(8, 'Undefined variable: mensagem', 'APPPATH\\Views\\formularios\\formulario.php', 4, [...])
 2 SYSTEMPATH\View\View.php(213): include('APPPATH\\Views\\formularios\\formulario.php')
 3 SYSTEMPATH\View\View.php(216): CodeIgniter\View\View->CodeIgniter\View\{closure}()
 4 SYSTEMPATH\Common.php(1142): CodeIgniter\View\View->render('formularios/formulario', [], true)
 5 APPPATH\Controllers\Pages.php(98): view('formularios/formulario')
 6 SYSTEMPATH\CodeIgniter.php(902): App\Controllers\Pages->editarCadastro()
 7 SYSTEMPATH\CodeIgniter.php(457): CodeIgniter\CodeIgniter->runController(Object(App\Controllers\Pages))
 8 SYSTEMPATH\CodeIgniter.php(340): CodeIgniter\CodeIgniter->handleRequest(null, Object(Config\Cache), false)
 9 FCPATH\index.php(67): CodeIgniter\CodeIgniter->run()
10 SYSTEMPATH\Commands\Server\rewrite.php(46): require_once('FCPATH\\index.php')
CRITICAL - 2022-10-15 09:39:22 --> syntax error, unexpected end of file, expecting elseif (T_ELSEIF) or else (T_ELSE) or endif (T_ENDIF)
in APPPATH\Views\formularios\formulario.php on line 41.
 1 SYSTEMPATH\View\View.php(216): CodeIgniter\View\View->CodeIgniter\View\{closure}()
 2 SYSTEMPATH\Common.php(1142): CodeIgniter\View\View->render('formularios/formulario', [], true)
 3 APPPATH\Controllers\Pages.php(98): view('formularios/formulario')
 4 SYSTEMPATH\CodeIgniter.php(902): App\Controllers\Pages->editarCadastro()
 5 SYSTEMPATH\CodeIgniter.php(457): CodeIgniter\CodeIgniter->runController(Object(App\Controllers\Pages))
 6 SYSTEMPATH\CodeIgniter.php(340): CodeIgniter\CodeIgniter->handleRequest(null, Object(Config\Cache), false)
 7 FCPATH\index.php(67): CodeIgniter\CodeIgniter->run()
 8 SYSTEMPATH\Commands\Server\rewrite.php(46): require_once('FCPATH\\index.php')
CRITICAL - 2022-10-15 09:42:28 --> Undefined variable: mensagem
in APPPATH\Views\formularios\formulario.php on line 4.
 1 APPPATH\Views\formularios\formulario.php(4): CodeIgniter\Debug\Exceptions->errorHandler(8, 'Undefined variable: mensagem', 'APPPATH\\Views\\formularios\\formulario.php', 4, [...])
 2 SYSTEMPATH\View\View.php(213): include('APPPATH\\Views\\formularios\\formulario.php')
 3 SYSTEMPATH\View\View.php(216): CodeIgniter\View\View->CodeIgniter\View\{closure}()
 4 SYSTEMPATH\Common.php(1142): CodeIgniter\View\View->render('formularios/formulario', [], true)
 5 APPPATH\Controllers\Pages.php(98): view('formularios/formulario')
 6 SYSTEMPATH\CodeIgniter.php(902): App\Controllers\Pages->editarCadastro()
 7 SYSTEMPATH\CodeIgniter.php(457): CodeIgniter\CodeIgniter->runController(Object(App\Controllers\Pages))
 8 SYSTEMPATH\CodeIgniter.php(340): CodeIgniter\CodeIgniter->handleRequest(null, Object(Config\Cache), false)
 9 FCPATH\index.php(67): CodeIgniter\CodeIgniter->run()
10 SYSTEMPATH\Commands\Server\rewrite.php(46): require_once('FCPATH\\index.php')
CRITICAL - 2022-10-15 11:20:51 --> Undefined property: App\Controllers\Upload::$validador
in APPPATH\Controllers\Upload.php on line 31.
 1 APPPATH\Controllers\Upload.php(31): CodeIgniter\Debug\Exceptions->errorHandler(8, 'Undefined property: App\\Controllers\\Upload::$validador', 'APPPATH\\Controllers\\Upload.php', 31, [...])
 2 SYSTEMPATH\CodeIgniter.php(902): App\Controllers\Upload->upload()
 3 SYSTEMPATH\CodeIgniter.php(457): CodeIgniter\CodeIgniter->runController(Object(App\Controllers\Upload))
 4 SYSTEMPATH\CodeIgniter.php(340): CodeIgniter\CodeIgniter->handleRequest(null, Object(Config\Cache), false)
 5 FCPATH\index.php(67): CodeIgniter\CodeIgniter->run()
 6 SYSTEMPATH\Commands\Server\rewrite.php(46): require_once('FCPATH\\index.php')
CRITICAL - 2022-10-15 11:28:55 --> Undefined property: App\Controllers\Upload::$validador
in APPPATH\Controllers\Upload.php on line 31.
 1 APPPATH\Controllers\Upload.php(31): CodeIgniter\Debug\Exceptions->errorHandler(8, 'Undefined property: App\\Controllers\\Upload::$validador', 'APPPATH\\Controllers\\Upload.php', 31, [...])
 2 SYSTEMPATH\CodeIgniter.php(902): App\Controllers\Upload->upload()
 3 SYSTEMPATH\CodeIgniter.php(457): CodeIgniter\CodeIgniter->runController(Object(App\Controllers\Upload))
 4 SYSTEMPATH\CodeIgniter.php(340): CodeIgniter\CodeIgniter->handleRequest(null, Object(Config\Cache), false)
 5 FCPATH\index.php(67): CodeIgniter\CodeIgniter->run()
 6 SYSTEMPATH\Commands\Server\rewrite.php(46): require_once('FCPATH\\index.php')
CRITICAL - 2022-10-15 11:29:20 --> Undefined property: App\Controllers\Upload::$validador
in APPPATH\Controllers\Upload.php on line 31.
 1 APPPATH\Controllers\Upload.php(31): CodeIgniter\Debug\Exceptions->errorHandler(8, 'Undefined property: App\\Controllers\\Upload::$validador', 'APPPATH\\Controllers\\Upload.php', 31, [...])
 2 SYSTEMPATH\CodeIgniter.php(902): App\Controllers\Upload->upload()
 3 SYSTEMPATH\CodeIgniter.php(457): CodeIgniter\CodeIgniter->runController(Object(App\Controllers\Upload))
 4 SYSTEMPATH\CodeIgniter.php(340): CodeIgniter\CodeIgniter->handleRequest(null, Object(Config\Cache), false)
 5 FCPATH\index.php(67): CodeIgniter\CodeIgniter->run()
 6 SYSTEMPATH\Commands\Server\rewrite.php(46): require_once('FCPATH\\index.php')
CRITICAL - 2022-10-15 11:30:17 --> Undefined property: App\Controllers\Upload::$validador
in APPPATH\Controllers\Upload.php on line 31.
 1 APPPATH\Controllers\Upload.php(31): CodeIgniter\Debug\Exceptions->errorHandler(8, 'Undefined property: App\\Controllers\\Upload::$validador', 'APPPATH\\Controllers\\Upload.php', 31, [...])
 2 SYSTEMPATH\CodeIgniter.php(902): App\Controllers\Upload->upload()
 3 SYSTEMPATH\CodeIgniter.php(457): CodeIgniter\CodeIgniter->runController(Object(App\Controllers\Upload))
 4 SYSTEMPATH\CodeIgniter.php(340): CodeIgniter\CodeIgniter->handleRequest(null, Object(Config\Cache), false)
 5 FCPATH\index.php(67): CodeIgniter\CodeIgniter->run()
 6 SYSTEMPATH\Commands\Server\rewrite.php(46): require_once('FCPATH\\index.php')
CRITICAL - 2022-10-15 13:05:20 --> Call to undefined function form_open_multipart()
in APPPATH\Views\upload_form.php on line 13.
 1 SYSTEMPATH\View\View.php(213): include()
 2 SYSTEMPATH\View\View.php(216): CodeIgniter\View\View->CodeIgniter\View\{closure}()
 3 SYSTEMPATH\Common.php(1142): CodeIgniter\View\View->render('upload_form', [], true)
 4 APPPATH\Controllers\Upload.php(13): view('upload_form', [...])
 5 SYSTEMPATH\CodeIgniter.php(902): App\Controllers\Upload->index()
 6 SYSTEMPATH\CodeIgniter.php(457): CodeIgniter\CodeIgniter->runController(Object(App\Controllers\Upload))
 7 SYSTEMPATH\CodeIgniter.php(340): CodeIgniter\CodeIgniter->handleRequest(null, Object(Config\Cache), false)
 8 FCPATH\index.php(67): CodeIgniter\CodeIgniter->run()
 9 SYSTEMPATH\Commands\Server\rewrite.php(46): require_once('FCPATH\\index.php')
CRITICAL - 2022-10-15 13:05:23 --> Call to undefined function form_open_multipart()
in APPPATH\Views\upload_form.php on line 13.
 1 SYSTEMPATH\View\View.php(213): include()
 2 SYSTEMPATH\View\View.php(216): CodeIgniter\View\View->CodeIgniter\View\{closure}()
 3 SYSTEMPATH\Common.php(1142): CodeIgniter\View\View->render('upload_form', [], true)
 4 APPPATH\Controllers\Upload.php(13): view('upload_form', [...])
 5 SYSTEMPATH\CodeIgniter.php(902): App\Controllers\Upload->index()
 6 SYSTEMPATH\CodeIgniter.php(457): CodeIgniter\CodeIgniter->runController(Object(App\Controllers\Upload))
 7 SYSTEMPATH\CodeIgniter.php(340): CodeIgniter\CodeIgniter->handleRequest(null, Object(Config\Cache), false)
 8 FCPATH\index.php(67): CodeIgniter\CodeIgniter->run()
 9 SYSTEMPATH\Commands\Server\rewrite.php(46): require_once('FCPATH\\index.php')
CRITICAL - 2022-10-15 13:05:25 --> Call to undefined function form_open_multipart()
in APPPATH\Views\upload_form.php on line 13.
 1 SYSTEMPATH\View\View.php(213): include()
 2 SYSTEMPATH\View\View.php(216): CodeIgniter\View\View->CodeIgniter\View\{closure}()
 3 SYSTEMPATH\Common.php(1142): CodeIgniter\View\View->render('upload_form', [], true)
 4 APPPATH\Controllers\Upload.php(13): view('upload_form', [...])
 5 SYSTEMPATH\CodeIgniter.php(902): App\Controllers\Upload->index()
 6 SYSTEMPATH\CodeIgniter.php(457): CodeIgniter\CodeIgniter->runController(Object(App\Controllers\Upload))
 7 SYSTEMPATH\CodeIgniter.php(340): CodeIgniter\CodeIgniter->handleRequest(null, Object(Config\Cache), false)
 8 FCPATH\index.php(67): CodeIgniter\CodeIgniter->run()
 9 SYSTEMPATH\Commands\Server\rewrite.php(46): require_once('FCPATH\\index.php')
CRITICAL - 2022-10-15 13:05:34 --> Call to undefined function form_open_multipart()
in APPPATH\Views\upload_form.php on line 13.
 1 SYSTEMPATH\View\View.php(213): include()
 2 SYSTEMPATH\View\View.php(216): CodeIgniter\View\View->CodeIgniter\View\{closure}()
 3 SYSTEMPATH\Common.php(1142): CodeIgniter\View\View->render('upload_form', [], true)
 4 APPPATH\Controllers\Upload.php(13): view('upload_form', [...])
 5 SYSTEMPATH\CodeIgniter.php(902): App\Controllers\Upload->index()
 6 SYSTEMPATH\CodeIgniter.php(457): CodeIgniter\CodeIgniter->runController(Object(App\Controllers\Upload))
 7 SYSTEMPATH\CodeIgniter.php(340): CodeIgniter\CodeIgniter->handleRequest(null, Object(Config\Cache), false)
 8 FCPATH\index.php(67): CodeIgniter\CodeIgniter->run()
 9 SYSTEMPATH\Commands\Server\rewrite.php(46): require_once('FCPATH\\index.php')
CRITICAL - 2022-10-15 13:11:07 --> Undefined property: App\Controllers\Upload::$validador
in APPPATH\Controllers\Upload.php on line 31.
 1 APPPATH\Controllers\Upload.php(31): CodeIgniter\Debug\Exceptions->errorHandler(8, 'Undefined property: App\\Controllers\\Upload::$validador', 'APPPATH\\Controllers\\Upload.php', 31, [...])
 2 SYSTEMPATH\CodeIgniter.php(902): App\Controllers\Upload->upload()
 3 SYSTEMPATH\CodeIgniter.php(457): CodeIgniter\CodeIgniter->runController(Object(App\Controllers\Upload))
 4 SYSTEMPATH\CodeIgniter.php(340): CodeIgniter\CodeIgniter->handleRequest(null, Object(Config\Cache), false)
 5 FCPATH\index.php(67): CodeIgniter\CodeIgniter->run()
 6 SYSTEMPATH\Commands\Server\rewrite.php(46): require_once('FCPATH\\index.php')
CRITICAL - 2022-10-15 13:20:08 --> Undefined property: App\Controllers\Upload::$validador
in APPPATH\Controllers\Upload.php on line 31.
 1 APPPATH\Controllers\Upload.php(31): CodeIgniter\Debug\Exceptions->errorHandler(8, 'Undefined property: App\\Controllers\\Upload::$validador', 'APPPATH\\Controllers\\Upload.php', 31, [...])
 2 SYSTEMPATH\CodeIgniter.php(902): App\Controllers\Upload->upload()
 3 SYSTEMPATH\CodeIgniter.php(457): CodeIgniter\CodeIgniter->runController(Object(App\Controllers\Upload))
 4 SYSTEMPATH\CodeIgniter.php(340): CodeIgniter\CodeIgniter->handleRequest(null, Object(Config\Cache), false)
 5 FCPATH\index.php(67): CodeIgniter\CodeIgniter->run()
 6 SYSTEMPATH\Commands\Server\rewrite.php(46): require_once('FCPATH\\index.php')
CRITICAL - 2022-10-15 13:20:14 --> Undefined property: App\Controllers\Upload::$validador
in APPPATH\Controllers\Upload.php on line 31.
 1 APPPATH\Controllers\Upload.php(31): CodeIgniter\Debug\Exceptions->errorHandler(8, 'Undefined property: App\\Controllers\\Upload::$validador', 'APPPATH\\Controllers\\Upload.php', 31, [...])
 2 SYSTEMPATH\CodeIgniter.php(902): App\Controllers\Upload->upload()
 3 SYSTEMPATH\CodeIgniter.php(457): CodeIgniter\CodeIgniter->runController(Object(App\Controllers\Upload))
 4 SYSTEMPATH\CodeIgniter.php(340): CodeIgniter\CodeIgniter->handleRequest(null, Object(Config\Cache), false)
 5 FCPATH\index.php(67): CodeIgniter\CodeIgniter->run()
 6 SYSTEMPATH\Commands\Server\rewrite.php(46): require_once('FCPATH\\index.php')
CRITICAL - 2022-10-15 13:35:00 --> Undefined property: App\Controllers\Upload::$validador
in APPPATH\Controllers\Upload.php on line 31.
 1 APPPATH\Controllers\Upload.php(31): CodeIgniter\Debug\Exceptions->errorHandler(8, 'Undefined property: App\\Controllers\\Upload::$validador', 'APPPATH\\Controllers\\Upload.php', 31, [...])
 2 SYSTEMPATH\CodeIgniter.php(902): App\Controllers\Upload->upload()
 3 SYSTEMPATH\CodeIgniter.php(457): CodeIgniter\CodeIgniter->runController(Object(App\Controllers\Upload))
 4 SYSTEMPATH\CodeIgniter.php(340): CodeIgniter\CodeIgniter->handleRequest(null, Object(Config\Cache), false)
 5 FCPATH\index.php(67): CodeIgniter\CodeIgniter->run()
 6 SYSTEMPATH\Commands\Server\rewrite.php(46): require_once('FCPATH\\index.php')
CRITICAL - 2022-10-15 13:52:36 --> Call to a member function hasMoved() on null
in APPPATH\Controllers\Upload.php on line 38.
 1 SYSTEMPATH\CodeIgniter.php(902): App\Controllers\Upload->upload()
 2 SYSTEMPATH\CodeIgniter.php(457): CodeIgniter\CodeIgniter->runController(Object(App\Controllers\Upload))
 3 SYSTEMPATH\CodeIgniter.php(340): CodeIgniter\CodeIgniter->handleRequest(null, Object(Config\Cache), false)
 4 FCPATH\index.php(67): CodeIgniter\CodeIgniter->run()
 5 SYSTEMPATH\Commands\Server\rewrite.php(46): require_once('FCPATH\\index.php')
CRITICAL - 2022-10-15 13:53:40 --> Call to undefined method CodeIgniter\Router\RouteCollection::getPost()
in APPPATH\Config\Routes.php on line 56.
 1 SYSTEMPATH\CodeIgniter.php(764): require()
 2 SYSTEMPATH\CodeIgniter.php(406): CodeIgniter\CodeIgniter->tryToRouteIt(Object(CodeIgniter\Router\RouteCollection))
 3 SYSTEMPATH\CodeIgniter.php(340): CodeIgniter\CodeIgniter->handleRequest(null, Object(Config\Cache), false)
 4 FCPATH\index.php(67): CodeIgniter\CodeIgniter->run()
 5 SYSTEMPATH\Commands\Server\rewrite.php(46): require_once('FCPATH\\index.php')
CRITICAL - 2022-10-15 13:54:06 --> Call to a member function hasMoved() on null
in APPPATH\Controllers\Upload.php on line 38.
 1 SYSTEMPATH\CodeIgniter.php(902): App\Controllers\Upload->upload()
 2 SYSTEMPATH\CodeIgniter.php(457): CodeIgniter\CodeIgniter->runController(Object(App\Controllers\Upload))
 3 SYSTEMPATH\CodeIgniter.php(340): CodeIgniter\CodeIgniter->handleRequest(null, Object(Config\Cache), false)
 4 FCPATH\index.php(67): CodeIgniter\CodeIgniter->run()
 5 SYSTEMPATH\Commands\Server\rewrite.php(46): require_once('FCPATH\\index.php')
CRITICAL - 2022-10-15 13:54:42 --> Call to undefined method CodeIgniter\HTTP\IncomingRequest::get()
in APPPATH\Controllers\Upload.php on line 36.
 1 SYSTEMPATH\CodeIgniter.php(902): App\Controllers\Upload->upload()
 2 SYSTEMPATH\CodeIgniter.php(457): CodeIgniter\CodeIgniter->runController(Object(App\Controllers\Upload))
 3 SYSTEMPATH\CodeIgniter.php(340): CodeIgniter\CodeIgniter->handleRequest(null, Object(Config\Cache), false)
 4 FCPATH\index.php(67): CodeIgniter\CodeIgniter->run()
 5 SYSTEMPATH\Commands\Server\rewrite.php(46): require_once('FCPATH\\index.php')
CRITICAL - 2022-10-15 13:54:58 --> Call to a member function hasMoved() on null
in APPPATH\Controllers\Upload.php on line 38.
 1 SYSTEMPATH\CodeIgniter.php(902): App\Controllers\Upload->upload()
 2 SYSTEMPATH\CodeIgniter.php(457): CodeIgniter\CodeIgniter->runController(Object(App\Controllers\Upload))
 3 SYSTEMPATH\CodeIgniter.php(340): CodeIgniter\CodeIgniter->handleRequest(null, Object(Config\Cache), false)
 4 FCPATH\index.php(67): CodeIgniter\CodeIgniter->run()
 5 SYSTEMPATH\Commands\Server\rewrite.php(46): require_once('FCPATH\\index.php')
CRITICAL - 2022-10-15 13:55:23 --> Call to a member function hasMoved() on null
in APPPATH\Controllers\Upload.php on line 38.
 1 SYSTEMPATH\CodeIgniter.php(902): App\Controllers\Upload->upload()
 2 SYSTEMPATH\CodeIgniter.php(457): CodeIgniter\CodeIgniter->runController(Object(App\Controllers\Upload))
 3 SYSTEMPATH\CodeIgniter.php(340): CodeIgniter\CodeIgniter->handleRequest(null, Object(Config\Cache), false)
 4 FCPATH\index.php(67): CodeIgniter\CodeIgniter->run()
 5 SYSTEMPATH\Commands\Server\rewrite.php(46): require_once('FCPATH\\index.php')
CRITICAL - 2022-10-15 14:33:40 --> Call to a member function hasMoved() on string
in APPPATH\Controllers\Upload.php on line 39.
 1 SYSTEMPATH\CodeIgniter.php(902): App\Controllers\Upload->upload()
 2 SYSTEMPATH\CodeIgniter.php(457): CodeIgniter\CodeIgniter->runController(Object(App\Controllers\Upload))
 3 SYSTEMPATH\CodeIgniter.php(340): CodeIgniter\CodeIgniter->handleRequest(null, Object(Config\Cache), false)
 4 FCPATH\index.php(67): CodeIgniter\CodeIgniter->run()
 5 SYSTEMPATH\Commands\Server\rewrite.php(46): require_once('FCPATH\\index.php')
CRITICAL - 2022-10-15 15:18:15 --> Invalid file: upload_success.php
in SYSTEMPATH\Exceptions\FrameworkException.php on line 33.
 1 SYSTEMPATH\View\View.php(201): CodeIgniter\Exceptions\FrameworkException::forInvalidFile('upload_success.php')
 2 SYSTEMPATH\Common.php(1142): CodeIgniter\View\View->render('upload_success', [], true)
 3 APPPATH\Controllers\Upload.php(44): view('upload_success', [...])
 4 SYSTEMPATH\CodeIgniter.php(902): App\Controllers\Upload->upload()
 5 SYSTEMPATH\CodeIgniter.php(457): CodeIgniter\CodeIgniter->runController(Object(App\Controllers\Upload))
 6 SYSTEMPATH\CodeIgniter.php(340): CodeIgniter\CodeIgniter->handleRequest(null, Object(Config\Cache), false)
 7 FCPATH\index.php(67): CodeIgniter\CodeIgniter->run()
 8 SYSTEMPATH\Commands\Server\rewrite.php(46): require_once('FCPATH\\index.php')
CRITICAL - 2022-10-15 15:19:30 --> Invalid file: upload_success.php
in SYSTEMPATH\Exceptions\FrameworkException.php on line 33.
 1 SYSTEMPATH\View\View.php(201): CodeIgniter\Exceptions\FrameworkException::forInvalidFile('upload_success.php')
 2 SYSTEMPATH\Common.php(1142): CodeIgniter\View\View->render('upload_success', [], true)
 3 APPPATH\Controllers\Upload.php(44): view('upload_success', [...])
 4 SYSTEMPATH\CodeIgniter.php(902): App\Controllers\Upload->upload()
 5 SYSTEMPATH\CodeIgniter.php(457): CodeIgniter\CodeIgniter->runController(Object(App\Controllers\Upload))
 6 SYSTEMPATH\CodeIgniter.php(340): CodeIgniter\CodeIgniter->handleRequest(null, Object(Config\Cache), false)
 7 FCPATH\index.php(67): CodeIgniter\CodeIgniter->run()
 8 SYSTEMPATH\Commands\Server\rewrite.php(46): require_once('FCPATH\\index.php')
CRITICAL - 2022-10-15 15:21:08 --> Invalid file: upload_success.php
in SYSTEMPATH\Exceptions\FrameworkException.php on line 33.
 1 SYSTEMPATH\View\View.php(201): CodeIgniter\Exceptions\FrameworkException::forInvalidFile('upload_success.php')
 2 SYSTEMPATH\Common.php(1142): CodeIgniter\View\View->render('upload_success', [], true)
 3 APPPATH\Controllers\Upload.php(44): view('upload_success', [...])
 4 SYSTEMPATH\CodeIgniter.php(902): App\Controllers\Upload->upload()
 5 SYSTEMPATH\CodeIgniter.php(457): CodeIgniter\CodeIgniter->runController(Object(App\Controllers\Upload))
 6 SYSTEMPATH\CodeIgniter.php(340): CodeIgniter\CodeIgniter->handleRequest(null, Object(Config\Cache), false)
 7 FCPATH\index.php(67): CodeIgniter\CodeIgniter->run()
 8 SYSTEMPATH\Commands\Server\rewrite.php(46): require_once('FCPATH\\index.php')
CRITICAL - 2022-10-15 15:26:44 --> Invalid file: welcomemessage.php
in SYSTEMPATH\Exceptions\FrameworkException.php on line 33.
 1 SYSTEMPATH\View\View.php(201): CodeIgniter\Exceptions\FrameworkException::forInvalidFile('welcomemessage.php')
 2 SYSTEMPATH\Common.php(1142): CodeIgniter\View\View->render('welcomemessage', [], true)
 3 APPPATH\Controllers\Home.php(9): view('welcomemessage')
 4 SYSTEMPATH\CodeIgniter.php(902): App\Controllers\Home->index()
 5 SYSTEMPATH\CodeIgniter.php(457): CodeIgniter\CodeIgniter->runController(Object(App\Controllers\Home))
 6 SYSTEMPATH\CodeIgniter.php(340): CodeIgniter\CodeIgniter->handleRequest(null, Object(Config\Cache), false)
 7 FCPATH\index.php(67): CodeIgniter\CodeIgniter->run()
 8 SYSTEMPATH\Commands\Server\rewrite.php(46): require_once('FCPATH\\index.php')
CRITICAL - 2022-10-15 16:08:49 --> Argument 1 passed to CodeIgniter\Validation\Validation::withRequest() must implement interface CodeIgniter\HTTP\RequestInterface, null given, called in C:\wamp64\www\AVM-Sistemas-Desafio-1\vendor\codeigniter4\framework\system\Controller.php on line 140
in SYSTEMPATH\Validation\Validation.php on line 386.
 1 SYSTEMPATH\Controller.php(140): CodeIgniter\Validation\Validation->withRequest(null)
 2 APPPATH\Controllers\Upload.php(31): CodeIgniter\Controller->validate([...])
 3 APPPATH\Controllers\Pages.php(31): App\Controllers\Upload->upload()
 4 SYSTEMPATH\CodeIgniter.php(902): App\Controllers\Pages->cadastrarAtualizarDados()
 5 SYSTEMPATH\CodeIgniter.php(457): CodeIgniter\CodeIgniter->runController(Object(App\Controllers\Pages))
 6 SYSTEMPATH\CodeIgniter.php(340): CodeIgniter\CodeIgniter->handleRequest(null, Object(Config\Cache), false)
 7 FCPATH\index.php(67): CodeIgniter\CodeIgniter->run()
 8 SYSTEMPATH\Commands\Server\rewrite.php(46): require_once('FCPATH\\index.php')
CRITICAL - 2022-10-15 16:10:11 --> syntax error, unexpected '$model' (T_VARIABLE)
in APPPATH\Controllers\Pages.php on line 34.
 1 SYSTEMPATH\Autoloader\Autoloader.php(259): CodeIgniter\Autoloader\Autoloader->includeFile('APPPATH\\Controllers\\Pages.php')
 2 SYSTEMPATH\Autoloader\Autoloader.php(237): CodeIgniter\Autoloader\Autoloader->loadInNamespace('App\\Controllers\\Pages')
 3 [internal function]: CodeIgniter\Autoloader\Autoloader->loadClass('App\\Controllers\\Pages')
 4 [internal function]: spl_autoload_call('App\\Controllers\\Pages')
 5 SYSTEMPATH\CodeIgniter.php(852): class_exists('\\App\\Controllers\\Pages', true)
 6 SYSTEMPATH\CodeIgniter.php(444): CodeIgniter\CodeIgniter->startController()
 7 SYSTEMPATH\CodeIgniter.php(340): CodeIgniter\CodeIgniter->handleRequest(null, Object(Config\Cache), false)
 8 FCPATH\index.php(67): CodeIgniter\CodeIgniter->run()
 9 SYSTEMPATH\Commands\Server\rewrite.php(46): require_once('FCPATH\\index.php')
CRITICAL - 2022-10-15 16:10:19 --> Argument 1 passed to CodeIgniter\Validation\Validation::withRequest() must implement interface CodeIgniter\HTTP\RequestInterface, null given, called in C:\wamp64\www\AVM-Sistemas-Desafio-1\vendor\codeigniter4\framework\system\Controller.php on line 140
in SYSTEMPATH\Validation\Validation.php on line 386.
 1 SYSTEMPATH\Controller.php(140): CodeIgniter\Validation\Validation->withRequest(null)
 2 APPPATH\Controllers\Upload.php(31): CodeIgniter\Controller->validate([...])
 3 APPPATH\Controllers\Pages.php(31): App\Controllers\Upload->upload()
 4 SYSTEMPATH\CodeIgniter.php(902): App\Controllers\Pages->cadastrarAtualizarDados()
 5 SYSTEMPATH\CodeIgniter.php(457): CodeIgniter\CodeIgniter->runController(Object(App\Controllers\Pages))
 6 SYSTEMPATH\CodeIgniter.php(340): CodeIgniter\CodeIgniter->handleRequest(null, Object(Config\Cache), false)
 7 FCPATH\index.php(67): CodeIgniter\CodeIgniter->run()
 8 SYSTEMPATH\Commands\Server\rewrite.php(46): require_once('FCPATH\\index.php')
CRITICAL - 2022-10-15 16:35:32 --> Argument 1 passed to CodeIgniter\Validation\Validation::withRequest() must implement interface CodeIgniter\HTTP\RequestInterface, null given, called in C:\wamp64\www\AVM-Sistemas-Desafio-1\vendor\codeigniter4\framework\system\Controller.php on line 140
in SYSTEMPATH\Validation\Validation.php on line 386.
 1 SYSTEMPATH\Controller.php(140): CodeIgniter\Validation\Validation->withRequest(null)
 2 APPPATH\Controllers\Upload.php(31): CodeIgniter\Controller->validate([...])
 3 APPPATH\Controllers\Pages.php(31): App\Controllers\Upload->upload()
 4 SYSTEMPATH\CodeIgniter.php(902): App\Controllers\Pages->cadastrarAtualizarDados()
 5 SYSTEMPATH\CodeIgniter.php(457): CodeIgniter\CodeIgniter->runController(Object(App\Controllers\Pages))
 6 SYSTEMPATH\CodeIgniter.php(340): CodeIgniter\CodeIgniter->handleRequest(null, Object(Config\Cache), false)
 7 FCPATH\index.php(67): CodeIgniter\CodeIgniter->run()
 8 SYSTEMPATH\Commands\Server\rewrite.php(46): require_once('FCPATH\\index.php')
CRITICAL - 2022-10-15 16:35:59 --> Argument 1 passed to CodeIgniter\Validation\Validation::withRequest() must implement interface CodeIgniter\HTTP\RequestInterface, null given, called in C:\wamp64\www\AVM-Sistemas-Desafio-1\vendor\codeigniter4\framework\system\Controller.php on line 140
in SYSTEMPATH\Validation\Validation.php on line 386.
 1 SYSTEMPATH\Controller.php(140): CodeIgniter\Validation\Validation->withRequest(null)
 2 APPPATH\Controllers\Upload.php(31): CodeIgniter\Controller->validate([...])
 3 APPPATH\Controllers\Pages.php(31): App\Controllers\Upload->upload()
 4 SYSTEMPATH\CodeIgniter.php(902): App\Controllers\Pages->cadastrarAtualizarDados()
 5 SYSTEMPATH\CodeIgniter.php(457): CodeIgniter\CodeIgniter->runController(Object(App\Controllers\Pages))
 6 SYSTEMPATH\CodeIgniter.php(340): CodeIgniter\CodeIgniter->handleRequest(null, Object(Config\Cache), false)
 7 FCPATH\index.php(67): CodeIgniter\CodeIgniter->run()
 8 SYSTEMPATH\Commands\Server\rewrite.php(46): require_once('FCPATH\\index.php')
CRITICAL - 2022-10-15 16:36:52 --> Call to a member function upload() on string
in APPPATH\Controllers\Pages.php on line 31.
 1 SYSTEMPATH\CodeIgniter.php(902): App\Controllers\Pages->cadastrarAtualizarDados()
 2 SYSTEMPATH\CodeIgniter.php(457): CodeIgniter\CodeIgniter->runController(Object(App\Controllers\Pages))
 3 SYSTEMPATH\CodeIgniter.php(340): CodeIgniter\CodeIgniter->handleRequest(null, Object(Config\Cache), false)
 4 FCPATH\index.php(67): CodeIgniter\CodeIgniter->run()
 5 SYSTEMPATH\Commands\Server\rewrite.php(46): require_once('FCPATH\\index.php')
CRITICAL - 2022-10-15 16:37:09 --> Call to a member function upload() on string
in APPPATH\Controllers\Pages.php on line 31.
 1 SYSTEMPATH\CodeIgniter.php(902): App\Controllers\Pages->cadastrarAtualizarDados()
 2 SYSTEMPATH\CodeIgniter.php(457): CodeIgniter\CodeIgniter->runController(Object(App\Controllers\Pages))
 3 SYSTEMPATH\CodeIgniter.php(340): CodeIgniter\CodeIgniter->handleRequest(null, Object(Config\Cache), false)
 4 FCPATH\index.php(67): CodeIgniter\CodeIgniter->run()
 5 SYSTEMPATH\Commands\Server\rewrite.php(46): require_once('FCPATH\\index.php')
CRITICAL - 2022-10-15 16:39:11 --> Undefined property: App\Controllers\Pages::$App\Controllers\Upload
in APPPATH\Controllers\Pages.php on line 31.
 1 APPPATH\Controllers\Pages.php(31): CodeIgniter\Debug\Exceptions->errorHandler(8, 'Undefined property: App\\Controllers\\Pages::$App\\Controllers\\Upload', 'APPPATH\\Controllers\\Pages.php', 31, [...])
 2 SYSTEMPATH\CodeIgniter.php(902): App\Controllers\Pages->cadastrarAtualizarDados()
 3 SYSTEMPATH\CodeIgniter.php(457): CodeIgniter\CodeIgniter->runController(Object(App\Controllers\Pages))
 4 SYSTEMPATH\CodeIgniter.php(340): CodeIgniter\CodeIgniter->handleRequest(null, Object(Config\Cache), false)
 5 FCPATH\index.php(67): CodeIgniter\CodeIgniter->run()
 6 SYSTEMPATH\Commands\Server\rewrite.php(46): require_once('FCPATH\\index.php')
CRITICAL - 2022-10-15 16:40:47 --> Call to undefined function App\Controllers\controller()
in APPPATH\Controllers\Pages.php on line 30.
 1 SYSTEMPATH\CodeIgniter.php(902): App\Controllers\Pages->cadastrarAtualizarDados()
 2 SYSTEMPATH\CodeIgniter.php(457): CodeIgniter\CodeIgniter->runController(Object(App\Controllers\Pages))
 3 SYSTEMPATH\CodeIgniter.php(340): CodeIgniter\CodeIgniter->handleRequest(null, Object(Config\Cache), false)
 4 FCPATH\index.php(67): CodeIgniter\CodeIgniter->run()
 5 SYSTEMPATH\Commands\Server\rewrite.php(46): require_once('FCPATH\\index.php')
CRITICAL - 2022-10-15 16:42:25 --> Trying to get property 'uploaded_flleinfo' of non-object
in APPPATH\Controllers\Pages.php on line 32.
 1 APPPATH\Controllers\Pages.php(32): CodeIgniter\Debug\Exceptions->errorHandler(8, 'Trying to get property \'uploaded_flleinfo\' of non-object', 'APPPATH\\Controllers\\Pages.php', 32, [...])
 2 SYSTEMPATH\CodeIgniter.php(902): App\Controllers\Pages->cadastrarAtualizarDados()
 3 SYSTEMPATH\CodeIgniter.php(457): CodeIgniter\CodeIgniter->runController(Object(App\Controllers\Pages))
 4 SYSTEMPATH\CodeIgniter.php(340): CodeIgniter\CodeIgniter->handleRequest(null, Object(Config\Cache), false)
 5 FCPATH\index.php(67): CodeIgniter\CodeIgniter->run()
 6 SYSTEMPATH\Commands\Server\rewrite.php(46): require_once('FCPATH\\index.php')
CRITICAL - 2022-10-15 16:45:18 --> Call to undefined function App\Controllers\upload()
in APPPATH\Controllers\Pages.php on line 66.
 1 SYSTEMPATH\CodeIgniter.php(902): App\Controllers\Pages->cadastrarAtualizarDados()
 2 SYSTEMPATH\CodeIgniter.php(457): CodeIgniter\CodeIgniter->runController(Object(App\Controllers\Pages))
 3 SYSTEMPATH\CodeIgniter.php(340): CodeIgniter\CodeIgniter->handleRequest(null, Object(Config\Cache), false)
 4 FCPATH\index.php(67): CodeIgniter\CodeIgniter->run()
 5 SYSTEMPATH\Commands\Server\rewrite.php(46): require_once('FCPATH\\index.php')
CRITICAL - 2022-10-15 16:45:30 --> Call to undefined function form_open_multipart()
in APPPATH\Views\formularios\upload_form.php on line 12.
 1 SYSTEMPATH\View\View.php(213): include()
 2 SYSTEMPATH\View\View.php(216): CodeIgniter\View\View->CodeIgniter\View\{closure}()
 3 SYSTEMPATH\Common.php(1142): CodeIgniter\View\View->render('formularios/upload_form', [], true)
 4 APPPATH\Controllers\Pages.php(43): view('formularios/upload_form', [...])
 5 APPPATH\Controllers\Pages.php(66): App\Controllers\Pages->upload()
 6 SYSTEMPATH\CodeIgniter.php(902): App\Controllers\Pages->cadastrarAtualizarDados()
 7 SYSTEMPATH\CodeIgniter.php(457): CodeIgniter\CodeIgniter->runController(Object(App\Controllers\Pages))
 8 SYSTEMPATH\CodeIgniter.php(340): CodeIgniter\CodeIgniter->handleRequest(null, Object(Config\Cache), false)
 9 FCPATH\index.php(67): CodeIgniter\CodeIgniter->run()
10 SYSTEMPATH\Commands\Server\rewrite.php(46): require_once('FCPATH\\index.php')
CRITICAL - 2022-10-15 16:48:06 --> Class 'App\Controllers\File' not found
in APPPATH\Controllers\Pages.php on line 51.
 1 APPPATH\Controllers\Pages.php(62): App\Controllers\Pages->upload()
 2 SYSTEMPATH\CodeIgniter.php(902): App\Controllers\Pages->cadastrarAtualizarDados()
 3 SYSTEMPATH\CodeIgniter.php(457): CodeIgniter\CodeIgniter->runController(Object(App\Controllers\Pages))
 4 SYSTEMPATH\CodeIgniter.php(340): CodeIgniter\CodeIgniter->handleRequest(null, Object(Config\Cache), false)
 5 FCPATH\index.php(67): CodeIgniter\CodeIgniter->run()
 6 SYSTEMPATH\Commands\Server\rewrite.php(46): require_once('FCPATH\\index.php')
CRITICAL - 2022-10-15 16:54:31 --> Undefined variable: uploaded_flleinfo
in APPPATH\Controllers\Pages.php on line 64.
 1 APPPATH\Controllers\Pages.php(64): CodeIgniter\Debug\Exceptions->errorHandler(8, 'Undefined variable: uploaded_flleinfo', 'APPPATH\\Controllers\\Pages.php', 64, [...])
 2 SYSTEMPATH\CodeIgniter.php(902): App\Controllers\Pages->cadastrarAtualizarDados()
 3 SYSTEMPATH\CodeIgniter.php(457): CodeIgniter\CodeIgniter->runController(Object(App\Controllers\Pages))
 4 SYSTEMPATH\CodeIgniter.php(340): CodeIgniter\CodeIgniter->handleRequest(null, Object(Config\Cache), false)
 5 FCPATH\index.php(67): CodeIgniter\CodeIgniter->run()
 6 SYSTEMPATH\Commands\Server\rewrite.php(46): require_once('FCPATH\\index.php')
CRITICAL - 2022-10-15 16:54:42 --> Undefined variable: uploaded_flleinfo
in APPPATH\Controllers\Pages.php on line 64.
 1 APPPATH\Controllers\Pages.php(64): CodeIgniter\Debug\Exceptions->errorHandler(8, 'Undefined variable: uploaded_flleinfo', 'APPPATH\\Controllers\\Pages.php', 64, [...])
 2 SYSTEMPATH\CodeIgniter.php(902): App\Controllers\Pages->cadastrarAtualizarDados()
 3 SYSTEMPATH\CodeIgniter.php(457): CodeIgniter\CodeIgniter->runController(Object(App\Controllers\Pages))
 4 SYSTEMPATH\CodeIgniter.php(340): CodeIgniter\CodeIgniter->handleRequest(null, Object(Config\Cache), false)
 5 FCPATH\index.php(67): CodeIgniter\CodeIgniter->run()
 6 SYSTEMPATH\Commands\Server\rewrite.php(46): require_once('FCPATH\\index.php')
CRITICAL - 2022-10-15 16:55:43 --> Undefined variable: uploaded_flleinfo
in APPPATH\Controllers\Pages.php on line 64.
 1 APPPATH\Controllers\Pages.php(64): CodeIgniter\Debug\Exceptions->errorHandler(8, 'Undefined variable: uploaded_flleinfo', 'APPPATH\\Controllers\\Pages.php', 64, [])
 2 SYSTEMPATH\CodeIgniter.php(902): App\Controllers\Pages->cadastrarAtualizarDados()
 3 SYSTEMPATH\CodeIgniter.php(457): CodeIgniter\CodeIgniter->runController(Object(App\Controllers\Pages))
 4 SYSTEMPATH\CodeIgniter.php(340): CodeIgniter\CodeIgniter->handleRequest(null, Object(Config\Cache), false)
 5 FCPATH\index.php(67): CodeIgniter\CodeIgniter->run()
 6 SYSTEMPATH\Commands\Server\rewrite.php(46): require_once('FCPATH\\index.php')
CRITICAL - 2022-10-15 16:55:51 --> Undefined variable: uploaded_flleinfo
in APPPATH\Controllers\Pages.php on line 64.
 1 APPPATH\Controllers\Pages.php(64): CodeIgniter\Debug\Exceptions->errorHandler(8, 'Undefined variable: uploaded_flleinfo', 'APPPATH\\Controllers\\Pages.php', 64, [])
 2 SYSTEMPATH\CodeIgniter.php(902): App\Controllers\Pages->cadastrarAtualizarDados()
 3 SYSTEMPATH\CodeIgniter.php(457): CodeIgniter\CodeIgniter->runController(Object(App\Controllers\Pages))
 4 SYSTEMPATH\CodeIgniter.php(340): CodeIgniter\CodeIgniter->handleRequest(null, Object(Config\Cache), false)
 5 FCPATH\index.php(67): CodeIgniter\CodeIgniter->run()
 6 SYSTEMPATH\Commands\Server\rewrite.php(46): require_once('FCPATH\\index.php')
CRITICAL - 2022-10-15 16:56:26 --> syntax error, unexpected '$model' (T_VARIABLE)
in APPPATH\Controllers\Pages.php on line 68.
 1 SYSTEMPATH\Autoloader\Autoloader.php(259): CodeIgniter\Autoloader\Autoloader->includeFile('APPPATH\\Controllers\\Pages.php')
 2 SYSTEMPATH\Autoloader\Autoloader.php(237): CodeIgniter\Autoloader\Autoloader->loadInNamespace('App\\Controllers\\Pages')
 3 [internal function]: CodeIgniter\Autoloader\Autoloader->loadClass('App\\Controllers\\Pages')
 4 [internal function]: spl_autoload_call('App\\Controllers\\Pages')
 5 SYSTEMPATH\CodeIgniter.php(852): class_exists('\\App\\Controllers\\Pages', true)
 6 SYSTEMPATH\CodeIgniter.php(444): CodeIgniter\CodeIgniter->startController()
 7 SYSTEMPATH\CodeIgniter.php(340): CodeIgniter\CodeIgniter->handleRequest(null, Object(Config\Cache), false)
 8 FCPATH\index.php(67): CodeIgniter\CodeIgniter->run()
 9 SYSTEMPATH\Commands\Server\rewrite.php(46): require_once('FCPATH\\index.php')
CRITICAL - 2022-10-15 16:56:44 --> syntax error, unexpected '$model' (T_VARIABLE)
in APPPATH\Controllers\Pages.php on line 68.
 1 SYSTEMPATH\Autoloader\Autoloader.php(259): CodeIgniter\Autoloader\Autoloader->includeFile('APPPATH\\Controllers\\Pages.php')
 2 SYSTEMPATH\Autoloader\Autoloader.php(237): CodeIgniter\Autoloader\Autoloader->loadInNamespace('App\\Controllers\\Pages')
 3 [internal function]: CodeIgniter\Autoloader\Autoloader->loadClass('App\\Controllers\\Pages')
 4 [internal function]: spl_autoload_call('App\\Controllers\\Pages')
 5 SYSTEMPATH\CodeIgniter.php(852): class_exists('\\App\\Controllers\\Pages', true)
 6 SYSTEMPATH\CodeIgniter.php(444): CodeIgniter\CodeIgniter->startController()
 7 SYSTEMPATH\CodeIgniter.php(340): CodeIgniter\CodeIgniter->handleRequest(null, Object(Config\Cache), false)
 8 FCPATH\index.php(67): CodeIgniter\CodeIgniter->run()
 9 SYSTEMPATH\Commands\Server\rewrite.php(46): require_once('FCPATH\\index.php')
CRITICAL - 2022-10-15 16:57:50 --> Undefined index: fileName:SplFileInfo:private
in APPPATH\Controllers\Pages.php on line 63.
 1 APPPATH\Controllers\Pages.php(63): CodeIgniter\Debug\Exceptions->errorHandler(8, 'Undefined index: fileName:SplFileInfo:private', 'APPPATH\\Controllers\\Pages.php', 63, [...])
 2 SYSTEMPATH\CodeIgniter.php(902): App\Controllers\Pages->cadastrarAtualizarDados()
 3 SYSTEMPATH\CodeIgniter.php(457): CodeIgniter\CodeIgniter->runController(Object(App\Controllers\Pages))
 4 SYSTEMPATH\CodeIgniter.php(340): CodeIgniter\CodeIgniter->handleRequest(null, Object(Config\Cache), false)
 5 FCPATH\index.php(67): CodeIgniter\CodeIgniter->run()
 6 SYSTEMPATH\Commands\Server\rewrite.php(46): require_once('FCPATH\\index.php')
CRITICAL - 2022-10-15 17:00:40 --> Trying to get property 'fileName' of non-object
in APPPATH\Controllers\Pages.php on line 63.
 1 APPPATH\Controllers\Pages.php(63): CodeIgniter\Debug\Exceptions->errorHandler(8, 'Trying to get property \'fileName\' of non-object', 'APPPATH\\Controllers\\Pages.php', 63, [...])
 2 SYSTEMPATH\CodeIgniter.php(902): App\Controllers\Pages->cadastrarAtualizarDados()
 3 SYSTEMPATH\CodeIgniter.php(457): CodeIgniter\CodeIgniter->runController(Object(App\Controllers\Pages))
 4 SYSTEMPATH\CodeIgniter.php(340): CodeIgniter\CodeIgniter->handleRequest(null, Object(Config\Cache), false)
 5 FCPATH\index.php(67): CodeIgniter\CodeIgniter->run()
 6 SYSTEMPATH\Commands\Server\rewrite.php(46): require_once('FCPATH\\index.php')
CRITICAL - 2022-10-15 17:04:01 --> Cannot access protected property CodeIgniter\Files\File::$size
in APPPATH\Controllers\Pages.php on line 63.
 1 SYSTEMPATH\CodeIgniter.php(902): App\Controllers\Pages->cadastrarAtualizarDados()
 2 SYSTEMPATH\CodeIgniter.php(457): CodeIgniter\CodeIgniter->runController(Object(App\Controllers\Pages))
 3 SYSTEMPATH\CodeIgniter.php(340): CodeIgniter\CodeIgniter->handleRequest(null, Object(Config\Cache), false)
 4 FCPATH\index.php(67): CodeIgniter\CodeIgniter->run()
 5 SYSTEMPATH\Commands\Server\rewrite.php(46): require_once('FCPATH\\index.php')
CRITICAL - 2022-10-15 17:04:20 --> Cannot use object of type CodeIgniter\Files\File as array
in APPPATH\Controllers\Pages.php on line 63.
 1 SYSTEMPATH\CodeIgniter.php(902): App\Controllers\Pages->cadastrarAtualizarDados()
 2 SYSTEMPATH\CodeIgniter.php(457): CodeIgniter\CodeIgniter->runController(Object(App\Controllers\Pages))
 3 SYSTEMPATH\CodeIgniter.php(340): CodeIgniter\CodeIgniter->handleRequest(null, Object(Config\Cache), false)
 4 FCPATH\index.php(67): CodeIgniter\CodeIgniter->run()
 5 SYSTEMPATH\Commands\Server\rewrite.php(46): require_once('FCPATH\\index.php')
CRITICAL - 2022-10-15 17:04:32 --> syntax error, unexpected '$dadosss' (T_VARIABLE)
in APPPATH\Controllers\Pages.php on line 63.
 1 SYSTEMPATH\Autoloader\Autoloader.php(259): CodeIgniter\Autoloader\Autoloader->includeFile('APPPATH\\Controllers\\Pages.php')
 2 SYSTEMPATH\Autoloader\Autoloader.php(237): CodeIgniter\Autoloader\Autoloader->loadInNamespace('App\\Controllers\\Pages')
 3 [internal function]: CodeIgniter\Autoloader\Autoloader->loadClass('App\\Controllers\\Pages')
 4 [internal function]: spl_autoload_call('App\\Controllers\\Pages')
 5 SYSTEMPATH\CodeIgniter.php(852): class_exists('\\App\\Controllers\\Pages', true)
 6 SYSTEMPATH\CodeIgniter.php(444): CodeIgniter\CodeIgniter->startController()
 7 SYSTEMPATH\CodeIgniter.php(340): CodeIgniter\CodeIgniter->handleRequest(null, Object(Config\Cache), false)
 8 FCPATH\index.php(67): CodeIgniter\CodeIgniter->run()
 9 SYSTEMPATH\Commands\Server\rewrite.php(46): require_once('FCPATH\\index.php')
CRITICAL - 2022-10-15 17:04:44 --> Cannot use object of type CodeIgniter\Files\File as array
in APPPATH\Controllers\Pages.php on line 63.
 1 SYSTEMPATH\CodeIgniter.php(902): App\Controllers\Pages->cadastrarAtualizarDados()
 2 SYSTEMPATH\CodeIgniter.php(457): CodeIgniter\CodeIgniter->runController(Object(App\Controllers\Pages))
 3 SYSTEMPATH\CodeIgniter.php(340): CodeIgniter\CodeIgniter->handleRequest(null, Object(Config\Cache), false)
 4 FCPATH\index.php(67): CodeIgniter\CodeIgniter->run()
 5 SYSTEMPATH\Commands\Server\rewrite.php(46): require_once('FCPATH\\index.php')
CRITICAL - 2022-10-15 17:07:44 --> Undefined index: uploaded_flleinfo
in APPPATH\Controllers\Pages.php on line 63.
 1 APPPATH\Controllers\Pages.php(63): CodeIgniter\Debug\Exceptions->errorHandler(8, 'Undefined index: uploaded_flleinfo', 'APPPATH\\Controllers\\Pages.php', 63, [...])
 2 SYSTEMPATH\CodeIgniter.php(902): App\Controllers\Pages->cadastrarAtualizarDados()
 3 SYSTEMPATH\CodeIgniter.php(457): CodeIgniter\CodeIgniter->runController(Object(App\Controllers\Pages))
 4 SYSTEMPATH\CodeIgniter.php(340): CodeIgniter\CodeIgniter->handleRequest(null, Object(Config\Cache), false)
 5 FCPATH\index.php(67): CodeIgniter\CodeIgniter->run()
 6 SYSTEMPATH\Commands\Server\rewrite.php(46): require_once('FCPATH\\index.php')
CRITICAL - 2022-10-15 17:07:54 --> Undefined index: uploaded_flleinfo
in APPPATH\Controllers\Pages.php on line 63.
 1 APPPATH\Controllers\Pages.php(63): CodeIgniter\Debug\Exceptions->errorHandler(8, 'Undefined index: uploaded_flleinfo', 'APPPATH\\Controllers\\Pages.php', 63, [...])
 2 SYSTEMPATH\CodeIgniter.php(902): App\Controllers\Pages->cadastrarAtualizarDados()
 3 SYSTEMPATH\CodeIgniter.php(457): CodeIgniter\CodeIgniter->runController(Object(App\Controllers\Pages))
 4 SYSTEMPATH\CodeIgniter.php(340): CodeIgniter\CodeIgniter->handleRequest(null, Object(Config\Cache), false)
 5 FCPATH\index.php(67): CodeIgniter\CodeIgniter->run()
 6 SYSTEMPATH\Commands\Server\rewrite.php(46): require_once('FCPATH\\index.php')
CRITICAL - 2022-10-15 17:08:03 --> Undefined index: uploaded_flleinfo
in APPPATH\Controllers\Pages.php on line 63.
 1 APPPATH\Controllers\Pages.php(63): CodeIgniter\Debug\Exceptions->errorHandler(8, 'Undefined index: uploaded_flleinfo', 'APPPATH\\Controllers\\Pages.php', 63, [...])
 2 SYSTEMPATH\CodeIgniter.php(902): App\Controllers\Pages->cadastrarAtualizarDados()
 3 SYSTEMPATH\CodeIgniter.php(457): CodeIgniter\CodeIgniter->runController(Object(App\Controllers\Pages))
 4 SYSTEMPATH\CodeIgniter.php(340): CodeIgniter\CodeIgniter->handleRequest(null, Object(Config\Cache), false)
 5 FCPATH\index.php(67): CodeIgniter\CodeIgniter->run()
 6 SYSTEMPATH\Commands\Server\rewrite.php(46): require_once('FCPATH\\index.php')
CRITICAL - 2022-10-15 17:08:39 --> Trying to get property 'uploaded_flleinfo' of non-object
in APPPATH\Controllers\Pages.php on line 62.
 1 APPPATH\Controllers\Pages.php(62): CodeIgniter\Debug\Exceptions->errorHandler(8, 'Trying to get property \'uploaded_flleinfo\' of non-object', 'APPPATH\\Controllers\\Pages.php', 62, [])
 2 SYSTEMPATH\CodeIgniter.php(902): App\Controllers\Pages->cadastrarAtualizarDados()
 3 SYSTEMPATH\CodeIgniter.php(457): CodeIgniter\CodeIgniter->runController(Object(App\Controllers\Pages))
 4 SYSTEMPATH\CodeIgniter.php(340): CodeIgniter\CodeIgniter->handleRequest(null, Object(Config\Cache), false)
 5 FCPATH\index.php(67): CodeIgniter\CodeIgniter->run()
 6 SYSTEMPATH\Commands\Server\rewrite.php(46): require_once('FCPATH\\index.php')
CRITICAL - 2022-10-15 17:08:47 --> Undefined variable: uploaded_flleinfo
in APPPATH\Controllers\Pages.php on line 62.
 1 APPPATH\Controllers\Pages.php(62): CodeIgniter\Debug\Exceptions->errorHandler(8, 'Undefined variable: uploaded_flleinfo', 'APPPATH\\Controllers\\Pages.php', 62, [])
 2 SYSTEMPATH\CodeIgniter.php(902): App\Controllers\Pages->cadastrarAtualizarDados()
 3 SYSTEMPATH\CodeIgniter.php(457): CodeIgniter\CodeIgniter->runController(Object(App\Controllers\Pages))
 4 SYSTEMPATH\CodeIgniter.php(340): CodeIgniter\CodeIgniter->handleRequest(null, Object(Config\Cache), false)
 5 FCPATH\index.php(67): CodeIgniter\CodeIgniter->run()
 6 SYSTEMPATH\Commands\Server\rewrite.php(46): require_once('FCPATH\\index.php')
CRITICAL - 2022-10-15 17:10:25 --> Undefined variable: uploaded_flleinfo
in APPPATH\Controllers\Pages.php on line 63.
 1 APPPATH\Controllers\Pages.php(63): CodeIgniter\Debug\Exceptions->errorHandler(8, 'Undefined variable: uploaded_flleinfo', 'APPPATH\\Controllers\\Pages.php', 63, [])
 2 SYSTEMPATH\CodeIgniter.php(902): App\Controllers\Pages->cadastrarAtualizarDados()
 3 SYSTEMPATH\CodeIgniter.php(457): CodeIgniter\CodeIgniter->runController(Object(App\Controllers\Pages))
 4 SYSTEMPATH\CodeIgniter.php(340): CodeIgniter\CodeIgniter->handleRequest(null, Object(Config\Cache), false)
 5 FCPATH\index.php(67): CodeIgniter\CodeIgniter->run()
 6 SYSTEMPATH\Commands\Server\rewrite.php(46): require_once('FCPATH\\index.php')
CRITICAL - 2022-10-15 17:12:17 --> Undefined variable: uploaded_flleinfo
in APPPATH\Controllers\Pages.php on line 63.
 1 APPPATH\Controllers\Pages.php(63): CodeIgniter\Debug\Exceptions->errorHandler(8, 'Undefined variable: uploaded_flleinfo', 'APPPATH\\Controllers\\Pages.php', 63, [])
 2 SYSTEMPATH\CodeIgniter.php(902): App\Controllers\Pages->cadastrarAtualizarDados()
 3 SYSTEMPATH\CodeIgniter.php(457): CodeIgniter\CodeIgniter->runController(Object(App\Controllers\Pages))
 4 SYSTEMPATH\CodeIgniter.php(340): CodeIgniter\CodeIgniter->handleRequest(null, Object(Config\Cache), false)
 5 FCPATH\index.php(67): CodeIgniter\CodeIgniter->run()
 6 SYSTEMPATH\Commands\Server\rewrite.php(46): require_once('FCPATH\\index.php')
CRITICAL - 2022-10-15 17:12:54 --> Array to string conversion
in APPPATH\Controllers\Pages.php on line 64.
 1 APPPATH\Controllers\Pages.php(64): CodeIgniter\Debug\Exceptions->errorHandler(8, 'Array to string conversion', 'APPPATH\\Controllers\\Pages.php', 64, [...])
 2 SYSTEMPATH\CodeIgniter.php(902): App\Controllers\Pages->cadastrarAtualizarDados()
 3 SYSTEMPATH\CodeIgniter.php(457): CodeIgniter\CodeIgniter->runController(Object(App\Controllers\Pages))
 4 SYSTEMPATH\CodeIgniter.php(340): CodeIgniter\CodeIgniter->handleRequest(null, Object(Config\Cache), false)
 5 FCPATH\index.php(67): CodeIgniter\CodeIgniter->run()
 6 SYSTEMPATH\Commands\Server\rewrite.php(46): require_once('FCPATH\\index.php')
CRITICAL - 2022-10-15 17:13:34 --> Undefined property: CodeIgniter\Files\File::$uploaded_flleinfo
in APPPATH\Controllers\Pages.php on line 52.
 1 APPPATH\Controllers\Pages.php(52): CodeIgniter\Debug\Exceptions->errorHandler(8, 'Undefined property: CodeIgniter\\Files\\File::$uploaded_flleinfo', 'APPPATH\\Controllers\\Pages.php', 52, [...])
 2 APPPATH\Controllers\Pages.php(62): App\Controllers\Pages->upload()
 3 SYSTEMPATH\CodeIgniter.php(902): App\Controllers\Pages->cadastrarAtualizarDados()
 4 SYSTEMPATH\CodeIgniter.php(457): CodeIgniter\CodeIgniter->runController(Object(App\Controllers\Pages))
 5 SYSTEMPATH\CodeIgniter.php(340): CodeIgniter\CodeIgniter->handleRequest(null, Object(Config\Cache), false)
 6 FCPATH\index.php(67): CodeIgniter\CodeIgniter->run()
 7 SYSTEMPATH\Commands\Server\rewrite.php(46): require_once('FCPATH\\index.php')
CRITICAL - 2022-10-15 17:14:07 --> Undefined variable: uploaded_flleinfo
in APPPATH\Controllers\Pages.php on line 52.
 1 APPPATH\Controllers\Pages.php(52): CodeIgniter\Debug\Exceptions->errorHandler(8, 'Undefined variable: uploaded_flleinfo', 'APPPATH\\Controllers\\Pages.php', 52, [...])
 2 APPPATH\Controllers\Pages.php(62): App\Controllers\Pages->upload()
 3 SYSTEMPATH\CodeIgniter.php(902): App\Controllers\Pages->cadastrarAtualizarDados()
 4 SYSTEMPATH\CodeIgniter.php(457): CodeIgniter\CodeIgniter->runController(Object(App\Controllers\Pages))
 5 SYSTEMPATH\CodeIgniter.php(340): CodeIgniter\CodeIgniter->handleRequest(null, Object(Config\Cache), false)
 6 FCPATH\index.php(67): CodeIgniter\CodeIgniter->run()
 7 SYSTEMPATH\Commands\Server\rewrite.php(46): require_once('FCPATH\\index.php')
CRITICAL - 2022-10-15 17:14:32 --> Cannot use object of type CodeIgniter\Files\File as array
in APPPATH\Controllers\Pages.php on line 52.
 1 APPPATH\Controllers\Pages.php(62): App\Controllers\Pages->upload()
 2 SYSTEMPATH\CodeIgniter.php(902): App\Controllers\Pages->cadastrarAtualizarDados()
 3 SYSTEMPATH\CodeIgniter.php(457): CodeIgniter\CodeIgniter->runController(Object(App\Controllers\Pages))
 4 SYSTEMPATH\CodeIgniter.php(340): CodeIgniter\CodeIgniter->handleRequest(null, Object(Config\Cache), false)
 5 FCPATH\index.php(67): CodeIgniter\CodeIgniter->run()
 6 SYSTEMPATH\Commands\Server\rewrite.php(46): require_once('FCPATH\\index.php')
CRITICAL - 2022-10-15 17:14:55 --> Call to a member function getBasename() on string
in APPPATH\Controllers\Pages.php on line 52.
 1 APPPATH\Controllers\Pages.php(62): App\Controllers\Pages->upload()
 2 SYSTEMPATH\CodeIgniter.php(902): App\Controllers\Pages->cadastrarAtualizarDados()
 3 SYSTEMPATH\CodeIgniter.php(457): CodeIgniter\CodeIgniter->runController(Object(App\Controllers\Pages))
 4 SYSTEMPATH\CodeIgniter.php(340): CodeIgniter\CodeIgniter->handleRequest(null, Object(Config\Cache), false)
 5 FCPATH\index.php(67): CodeIgniter\CodeIgniter->run()
 6 SYSTEMPATH\Commands\Server\rewrite.php(46): require_once('FCPATH\\index.php')
CRITICAL - 2022-10-15 17:28:53 --> Undefined variable: errors
in APPPATH\Views\formularios\formulario.php on line 5.
 1 APPPATH\Views\formularios\formulario.php(5): CodeIgniter\Debug\Exceptions->errorHandler(8, 'Undefined variable: errors', 'APPPATH\\Views\\formularios\\formulario.php', 5, [...])
 2 SYSTEMPATH\View\View.php(213): include('APPPATH\\Views\\formularios\\formulario.php')
 3 SYSTEMPATH\View\View.php(216): CodeIgniter\View\View->CodeIgniter\View\{closure}()
 4 SYSTEMPATH\Common.php(1142): CodeIgniter\View\View->render('formularios/formulario', [], true)
 5 APPPATH\Controllers\Pages.php(97): view('formularios/formulario')
 6 SYSTEMPATH\CodeIgniter.php(902): App\Controllers\Pages->cadastrarAtualizarDados()
 7 SYSTEMPATH\CodeIgniter.php(457): CodeIgniter\CodeIgniter->runController(Object(App\Controllers\Pages))
 8 SYSTEMPATH\CodeIgniter.php(340): CodeIgniter\CodeIgniter->handleRequest(null, Object(Config\Cache), false)
 9 FCPATH\index.php(67): CodeIgniter\CodeIgniter->run()
10 SYSTEMPATH\Commands\Server\rewrite.php(46): require_once('FCPATH\\index.php')
CRITICAL - 2022-10-15 17:30:47 --> Array to string conversion
in APPPATH\Controllers\Pages.php on line 65.
 1 APPPATH\Controllers\Pages.php(65): CodeIgniter\Debug\Exceptions->errorHandler(8, 'Array to string conversion', 'APPPATH\\Controllers\\Pages.php', 65, [])
 2 SYSTEMPATH\CodeIgniter.php(902): App\Controllers\Pages->cadastrarAtualizarDados()
 3 SYSTEMPATH\CodeIgniter.php(457): CodeIgniter\CodeIgniter->runController(Object(App\Controllers\Pages))
 4 SYSTEMPATH\CodeIgniter.php(340): CodeIgniter\CodeIgniter->handleRequest(null, Object(Config\Cache), false)
 5 FCPATH\index.php(67): CodeIgniter\CodeIgniter->run()
 6 SYSTEMPATH\Commands\Server\rewrite.php(46): require_once('FCPATH\\index.php')
CRITICAL - 2022-10-15 17:40:59 --> Undefined variable: nomeImagem
in APPPATH\Controllers\Pages.php on line 63.
 1 APPPATH\Controllers\Pages.php(63): CodeIgniter\Debug\Exceptions->errorHandler(8, 'Undefined variable: nomeImagem', 'APPPATH\\Controllers\\Pages.php', 63, [...])
 2 SYSTEMPATH\CodeIgniter.php(902): App\Controllers\Pages->cadastrarAtualizarDados()
 3 SYSTEMPATH\CodeIgniter.php(457): CodeIgniter\CodeIgniter->runController(Object(App\Controllers\Pages))
 4 SYSTEMPATH\CodeIgniter.php(340): CodeIgniter\CodeIgniter->handleRequest(null, Object(Config\Cache), false)
 5 FCPATH\index.php(67): CodeIgniter\CodeIgniter->run()
 6 SYSTEMPATH\Commands\Server\rewrite.php(46): require_once('FCPATH\\index.php')
CRITICAL - 2022-10-15 17:41:33 --> Undefined variable: img
in APPPATH\Controllers\Pages.php on line 56.
 1 APPPATH\Controllers\Pages.php(56): CodeIgniter\Debug\Exceptions->errorHandler(8, 'Undefined variable: img', 'APPPATH\\Controllers\\Pages.php', 56, [])
 2 SYSTEMPATH\CodeIgniter.php(902): App\Controllers\Pages->cadastrarAtualizarDados()
 3 SYSTEMPATH\CodeIgniter.php(457): CodeIgniter\CodeIgniter->runController(Object(App\Controllers\Pages))
 4 SYSTEMPATH\CodeIgniter.php(340): CodeIgniter\CodeIgniter->handleRequest(null, Object(Config\Cache), false)
 5 FCPATH\index.php(67): CodeIgniter\CodeIgniter->run()
 6 SYSTEMPATH\Commands\Server\rewrite.php(46): require_once('FCPATH\\index.php')
CRITICAL - 2022-10-15 17:42:15 --> Undefined variable: img
in APPPATH\Controllers\Pages.php on line 46.
 1 APPPATH\Controllers\Pages.php(46): CodeIgniter\Debug\Exceptions->errorHandler(8, 'Undefined variable: img', 'APPPATH\\Controllers\\Pages.php', 46, [...])
 2 APPPATH\Controllers\Pages.php(54): App\Controllers\Pages->upload()
 3 SYSTEMPATH\CodeIgniter.php(902): App\Controllers\Pages->cadastrarAtualizarDados()
 4 SYSTEMPATH\CodeIgniter.php(457): CodeIgniter\CodeIgniter->runController(Object(App\Controllers\Pages))
 5 SYSTEMPATH\CodeIgniter.php(340): CodeIgniter\CodeIgniter->handleRequest(null, Object(Config\Cache), false)
 6 FCPATH\index.php(67): CodeIgniter\CodeIgniter->run()
 7 SYSTEMPATH\Commands\Server\rewrite.php(46): require_once('FCPATH\\index.php')
CRITICAL - 2022-10-15 18:20:40 --> Call to undefined function img()
in APPPATH\Views\tabelas\dadosPessoa.php on line 17.
 1 SYSTEMPATH\View\View.php(213): include()
 2 SYSTEMPATH\View\View.php(216): CodeIgniter\View\View->CodeIgniter\View\{closure}()
 3 SYSTEMPATH\Common.php(1142): CodeIgniter\View\View->render('tabelas/dadosPessoa', [], true)
 4 APPPATH\Controllers\Pages.php(100): view('tabelas/dadosPessoa')
 5 SYSTEMPATH\CodeIgniter.php(902): App\Controllers\Pages->cadastrarAtualizarDados()
 6 SYSTEMPATH\CodeIgniter.php(457): CodeIgniter\CodeIgniter->runController(Object(App\Controllers\Pages))
 7 SYSTEMPATH\CodeIgniter.php(340): CodeIgniter\CodeIgniter->handleRequest(null, Object(Config\Cache), false)
 8 FCPATH\index.php(67): CodeIgniter\CodeIgniter->run()
 9 SYSTEMPATH\Commands\Server\rewrite.php(46): require_once('FCPATH\\index.php')
CRITICAL - 2022-10-15 18:21:49 --> Call to undefined function img()
in APPPATH\Views\tabelas\dadosPessoa.php on line 17.
 1 SYSTEMPATH\View\View.php(213): include()
 2 SYSTEMPATH\View\View.php(216): CodeIgniter\View\View->CodeIgniter\View\{closure}()
 3 SYSTEMPATH\Common.php(1142): CodeIgniter\View\View->render('tabelas/dadosPessoa', [], true)
 4 APPPATH\Controllers\Pages.php(100): view('tabelas/dadosPessoa')
 5 SYSTEMPATH\CodeIgniter.php(902): App\Controllers\Pages->cadastrarAtualizarDados()
 6 SYSTEMPATH\CodeIgniter.php(457): CodeIgniter\CodeIgniter->runController(Object(App\Controllers\Pages))
 7 SYSTEMPATH\CodeIgniter.php(340): CodeIgniter\CodeIgniter->handleRequest(null, Object(Config\Cache), false)
 8 FCPATH\index.php(67): CodeIgniter\CodeIgniter->run()
 9 SYSTEMPATH\Commands\Server\rewrite.php(46): require_once('FCPATH\\index.php')
CRITICAL - 2022-10-15 18:22:43 --> Call to undefined function img_data()
in APPPATH\Views\tabelas\dadosPessoa.php on line 19.
 1 SYSTEMPATH\View\View.php(213): include()
 2 SYSTEMPATH\View\View.php(216): CodeIgniter\View\View->CodeIgniter\View\{closure}()
 3 SYSTEMPATH\Common.php(1142): CodeIgniter\View\View->render('tabelas/dadosPessoa', [], true)
 4 APPPATH\Controllers\Pages.php(100): view('tabelas/dadosPessoa')
 5 SYSTEMPATH\CodeIgniter.php(902): App\Controllers\Pages->cadastrarAtualizarDados()
 6 SYSTEMPATH\CodeIgniter.php(457): CodeIgniter\CodeIgniter->runController(Object(App\Controllers\Pages))
 7 SYSTEMPATH\CodeIgniter.php(340): CodeIgniter\CodeIgniter->handleRequest(null, Object(Config\Cache), false)
 8 FCPATH\index.php(67): CodeIgniter\CodeIgniter->run()
 9 SYSTEMPATH\Commands\Server\rewrite.php(46): require_once('FCPATH\\index.php')
CRITICAL - 2022-10-15 18:24:15 --> Call to undefined function img_data()
in APPPATH\Views\tabelas\dadosPessoa.php on line 19.
 1 SYSTEMPATH\View\View.php(213): include()
 2 SYSTEMPATH\View\View.php(216): CodeIgniter\View\View->CodeIgniter\View\{closure}()
 3 SYSTEMPATH\Common.php(1142): CodeIgniter\View\View->render('tabelas/dadosPessoa', [], true)
 4 APPPATH\Controllers\Pages.php(100): view('tabelas/dadosPessoa')
 5 SYSTEMPATH\CodeIgniter.php(902): App\Controllers\Pages->cadastrarAtualizarDados()
 6 SYSTEMPATH\CodeIgniter.php(457): CodeIgniter\CodeIgniter->runController(Object(App\Controllers\Pages))
 7 SYSTEMPATH\CodeIgniter.php(340): CodeIgniter\CodeIgniter->handleRequest(null, Object(Config\Cache), false)
 8 FCPATH\index.php(67): CodeIgniter\CodeIgniter->run()
 9 SYSTEMPATH\Commands\Server\rewrite.php(46): require_once('FCPATH\\index.php')
CRITICAL - 2022-10-15 18:25:08 --> Call to undefined function img_data()
in APPPATH\Views\tabelas\dadosPessoa.php on line 19.
 1 SYSTEMPATH\View\View.php(213): include()
 2 SYSTEMPATH\View\View.php(216): CodeIgniter\View\View->CodeIgniter\View\{closure}()
 3 SYSTEMPATH\Common.php(1142): CodeIgniter\View\View->render('tabelas/dadosPessoa', [], true)
 4 APPPATH\Controllers\Pages.php(100): view('tabelas/dadosPessoa')
 5 SYSTEMPATH\CodeIgniter.php(902): App\Controllers\Pages->cadastrarAtualizarDados()
 6 SYSTEMPATH\CodeIgniter.php(457): CodeIgniter\CodeIgniter->runController(Object(App\Controllers\Pages))
 7 SYSTEMPATH\CodeIgniter.php(340): CodeIgniter\CodeIgniter->handleRequest(null, Object(Config\Cache), false)
 8 FCPATH\index.php(67): CodeIgniter\CodeIgniter->run()
 9 SYSTEMPATH\Commands\Server\rewrite.php(46): require_once('FCPATH\\index.php')
CRITICAL - 2022-10-15 19:08:20 --> mkdir(): No such file or directory
in SYSTEMPATH\HTTP\Files\UploadedFile.php on line 176.
 1 [internal function]: CodeIgniter\Debug\Exceptions->errorHandler(2, 'mkdir(): No such file or directory', 'SYSTEMPATH\\HTTP\\Files\\UploadedFile.php', 176, [...])
 2 SYSTEMPATH\HTTP\Files\UploadedFile.php(176): mkdir('ROOTPATH\\writable\\uploads/http://localhost:8080/public/', 511, true)
 3 SYSTEMPATH\HTTP\Files\UploadedFile.php(130): CodeIgniter\HTTP\Files\UploadedFile->setPath('ROOTPATH\\writable\\uploads/http://localhost:8080/public/')
 4 SYSTEMPATH\HTTP\Files\UploadedFile.php(341): CodeIgniter\HTTP\Files\UploadedFile->move('ROOTPATH\\writable\\uploads/http://localhost:8080/public/', '1665878900_122a56c5503a8fddf1e6.jpg')
 5 APPPATH\Controllers\Pages.php(57): CodeIgniter\HTTP\Files\UploadedFile->store('http://localhost:8080/public/')
 6 SYSTEMPATH\CodeIgniter.php(902): App\Controllers\Pages->cadastrarAtualizarDados()
 7 SYSTEMPATH\CodeIgniter.php(457): CodeIgniter\CodeIgniter->runController(Object(App\Controllers\Pages))
 8 SYSTEMPATH\CodeIgniter.php(340): CodeIgniter\CodeIgniter->handleRequest(null, Object(Config\Cache), false)
 9 FCPATH\index.php(67): CodeIgniter\CodeIgniter->run()
10 SYSTEMPATH\Commands\Server\rewrite.php(46): require_once('FCPATH\\index.php')
CRITICAL - 2022-10-15 19:13:55 --> Undefined variable: nomeImagem
in APPPATH\Controllers\Pages.php on line 85.
 1 APPPATH\Controllers\Pages.php(85): CodeIgniter\Debug\Exceptions->errorHandler(8, 'Undefined variable: nomeImagem', 'APPPATH\\Controllers\\Pages.php', 85, [...])
 2 SYSTEMPATH\CodeIgniter.php(902): App\Controllers\Pages->cadastrarAtualizarDados()
 3 SYSTEMPATH\CodeIgniter.php(457): CodeIgniter\CodeIgniter->runController(Object(App\Controllers\Pages))
 4 SYSTEMPATH\CodeIgniter.php(340): CodeIgniter\CodeIgniter->handleRequest(null, Object(Config\Cache), false)
 5 FCPATH\index.php(67): CodeIgniter\CodeIgniter->run()
 6 SYSTEMPATH\Commands\Server\rewrite.php(46): require_once('FCPATH\\index.php')
CRITICAL - 2022-10-15 19:16:08 --> Undefined variable: nomeImagem
in APPPATH\Controllers\Pages.php on line 85.
 1 APPPATH\Controllers\Pages.php(85): CodeIgniter\Debug\Exceptions->errorHandler(8, 'Undefined variable: nomeImagem', 'APPPATH\\Controllers\\Pages.php', 85, [...])
 2 SYSTEMPATH\CodeIgniter.php(902): App\Controllers\Pages->cadastrarAtualizarDados()
 3 SYSTEMPATH\CodeIgniter.php(457): CodeIgniter\CodeIgniter->runController(Object(App\Controllers\Pages))
 4 SYSTEMPATH\CodeIgniter.php(340): CodeIgniter\CodeIgniter->handleRequest(null, Object(Config\Cache), false)
 5 FCPATH\index.php(67): CodeIgniter\CodeIgniter->run()
 6 SYSTEMPATH\Commands\Server\rewrite.php(46): require_once('FCPATH\\index.php')
CRITICAL - 2022-10-15 19:16:36 --> Undefined variable: nomeImagem
in APPPATH\Controllers\Pages.php on line 85.
 1 APPPATH\Controllers\Pages.php(85): CodeIgniter\Debug\Exceptions->errorHandler(8, 'Undefined variable: nomeImagem', 'APPPATH\\Controllers\\Pages.php', 85, [...])
 2 SYSTEMPATH\CodeIgniter.php(902): App\Controllers\Pages->cadastrarAtualizarDados()
 3 SYSTEMPATH\CodeIgniter.php(457): CodeIgniter\CodeIgniter->runController(Object(App\Controllers\Pages))
 4 SYSTEMPATH\CodeIgniter.php(340): CodeIgniter\CodeIgniter->handleRequest(null, Object(Config\Cache), false)
 5 FCPATH\index.php(67): CodeIgniter\CodeIgniter->run()
 6 SYSTEMPATH\Commands\Server\rewrite.php(46): require_once('FCPATH\\index.php')
CRITICAL - 2022-10-15 19:19:32 --> Undefined variable: model
in APPPATH\Controllers\Pages.php on line 90.
 1 APPPATH\Controllers\Pages.php(90): CodeIgniter\Debug\Exceptions->errorHandler(8, 'Undefined variable: model', 'APPPATH\\Controllers\\Pages.php', 90, [...])
 2 SYSTEMPATH\CodeIgniter.php(902): App\Controllers\Pages->cadastrarAtualizarDados()
 3 SYSTEMPATH\CodeIgniter.php(457): CodeIgniter\CodeIgniter->runController(Object(App\Controllers\Pages))
 4 SYSTEMPATH\CodeIgniter.php(340): CodeIgniter\CodeIgniter->handleRequest(null, Object(Config\Cache), false)
 5 FCPATH\index.php(67): CodeIgniter\CodeIgniter->run()
 6 SYSTEMPATH\Commands\Server\rewrite.php(46): require_once('FCPATH\\index.php')
